train\001g4d.jpg
train\004v2b.jpg
train\00ae48.jpg
train\00sv9l.jpg
train\012nt0.jpg
train\01bihe.jpg
train\01g1kk.jpg
train\01lj7r.jpg
train\01z4rf.jpg
train\027vh6.jpg
train\02nf1z.jpg
train\02y5fc.jpg
train\0399t7.jpg
train\03d7zh.jpg
train\03e78u.jpg
train\03iysr.jpg
train\040hye.jpg
train\044hgc.jpg
train\048og7.jpg
train\04gh8d.jpg
train\04wkki.jpg
train\05cta5.jpg
train\05dnk4.jpg
train\05jpj7.jpg
train\05rl1p.jpg
train\06b0j5.jpg
train\06ep5v.jpg
train\06ni3h.jpg
train\06xfo2.jpg
train\06zjn6.jpg
train\073u7f.jpg
train\07bpnp.jpg
train\07nmzv.jpg
train\07t1c1.jpg
train\07xk29.jpg
train\087mu2.jpg
train\08frq3.jpg
train\09iyo8.jpg
train\0a4zbm.jpg
train\0aiagz.jpg
train\0aj0j3.jpg
train\0ajmcr.jpg
train\0awfz8.jpg
train\0axw50.jpg
train\0azrdk.jpg
train\0b1pxi.jpg
train\0bdt1m.jpg
train\0bh6sh.jpg
train\0c7gsd.jpg
train\0cczsl.jpg
train\0ctsf1.jpg
train\0d87ub.jpg
train\0dmw2s.jpg
train\0drayz.jpg
train\0e6p6e.jpg
train\0e7o2w.jpg
train\0efs1g.jpg
train\0er077.jpg
train\0g13wo.jpg
train\0g34qt.jpg
train\0hb7uh.jpg
train\0hi93z.jpg
train\0i0hf5.jpg
train\0i1gxc.jpg
train\0i9h44.jpg
train\0ibmsg.jpg
train\0j0u49.jpg
train\0j7jd9.jpg
train\0j943c.jpg
train\0jbjc1.jpg
train\0jbk8n.jpg
train\0je5k7.jpg
train\0jhqn6.jpg
train\0jn1nm.jpg
train\0jw2ht.jpg
train\0k3ddz.jpg
train\0ku758.jpg
train\0kvo4y.jpg
train\0l3ybk.jpg
train\0lcdx5.jpg
train\0lclky.jpg
train\0lgx6u.jpg
train\0lno3u.jpg
train\0m4riy.jpg
train\0mcxwy.jpg
train\0n0v4i.jpg
train\0n1i0k.jpg
train\0n53jf.jpg
train\0nadol.jpg
train\0nbcxo.jpg
train\0oau73.jpg
train\0ooxqz.jpg
train\0oymc8.jpg
train\0ozpbd.jpg
train\0p5017.jpg
train\0p8uzz.jpg
train\0p958i.jpg
train\0pnite.jpg
train\0pnjze.jpg
train\0ponl7.jpg
train\0q79r9.jpg
train\0qkggm.jpg
train\0r69mn.jpg
train\0rtagv.jpg
train\0rvhyl.jpg
train\0sb8vl.jpg
train\0slbja.jpg
train\0sm6jr.jpg
train\0srga7.jpg
train\0sy839.jpg
train\0t1c3g.jpg
train\0t4dw6.jpg
train\0tea9w.jpg
train\0txomv.jpg
train\0tzc38.jpg
train\0u2214.jpg
train\0u30lb.jpg
train\0ulszd.jpg
train\0us23t.jpg
train\0vnlom.jpg
train\0vnn39.jpg
train\0vnv3r.jpg
train\0vtmxb.jpg
train\0wgus8.jpg
train\0wi2bi.jpg
train\0wnid0.jpg
train\0wse0g.jpg
train\0wsr1r.jpg
train\0x2t1e.jpg
train\0xgguz.jpg
train\0y1jas.jpg
train\0yibcs.jpg
train\0ytkds.jpg
train\0zbnxf.jpg
train\0zgpdj.jpg
train\0zh3pc.jpg
train\0zmwwh.jpg
train\10mkcg.jpg
train\10qam6.jpg
train\117b96.jpg
train\11z4yt.jpg
train\12h6gu.jpg
train\1301op.jpg
train\134ovu.jpg
train\135w5u.jpg
train\136ib1.jpg
train\13ih63.jpg
train\13thql.jpg
train\1400kd.jpg
train\145hh2.jpg
train\14a8jr.jpg
train\14ll5k.jpg
train\14tnr5.jpg
train\153xqk.jpg
train\155ihd.jpg
train\15xaty.jpg
train\165z9c.jpg
train\16zfgf.jpg
train\179bfc.jpg
train\17gtch.jpg
train\17zxr8.jpg
train\18ajqg.jpg
train\18jetj.jpg
train\19hszc.jpg
train\19icyo.jpg
train\19m2f9.jpg
train\19tv5c.jpg
train\1aik6j.jpg
train\1amtyr.jpg
train\1bw7fs.jpg
train\1bwc43.jpg
train\1c240a.jpg
train\1ctqdp.jpg
train\1cweth.jpg
train\1dqt6p.jpg
train\1dtrgj.jpg
train\1et4rw.jpg
train\1f53pn.jpg
train\1f6cq4.jpg
train\1f6ix1.jpg
train\1f8yf4.jpg
train\1g8f79.jpg
train\1gt7al.jpg
train\1gwxvv.jpg
train\1h42bt.jpg
train\1h59ju.jpg
train\1hg4x0.jpg
train\1i7hiq.jpg
train\1id7e9.jpg
train\1jtoby.jpg
train\1k5nd0.jpg
train\1k7o2w.jpg
train\1kk93w.jpg
train\1l84hg.jpg
train\1lsxwz.jpg
train\1m5yje.jpg
train\1mdkwl.jpg
train\1mxosi.jpg
train\1n7l8b.jpg
train\1ndckz.jpg
train\1nnnpe.jpg
train\1o5u2z.jpg
train\1ogsj8.jpg
train\1ok1aa.jpg
train\1ony3s.jpg
train\1p0r1v.jpg
train\1pgukw.jpg
train\1pqtr8.jpg
train\1qbpjd.jpg
train\1qclvt.jpg
train\1qg920.jpg
train\1qi1zp.jpg
train\1qrndk.jpg
train\1r3ypk.jpg
train\1s719n.jpg
train\1suq8c.jpg
train\1sz6d7.jpg
train\1t8fxm.jpg
train\1tdkyf.jpg
train\1tfhes.jpg
train\1tixag.jpg
train\1tlhl9.jpg
train\1ttwp3.jpg
train\1tztks.jpg
train\1ubcac.jpg
train\1ukd3b.jpg
train\1v9bz6.jpg
train\1vgghu.jpg
train\1voy92.jpg
train\1vwapa.jpg
train\1w90k4.jpg
train\1wdeap.jpg
train\1ws386.jpg
train\1xfy6q.jpg
train\1xjpr1.jpg
train\1xkf9s.jpg
train\1xuh5a.jpg
train\1xwhsh.jpg
train\1y6nnl.jpg
train\1ymbig.jpg
train\1z3b7c.jpg
train\1z746f.jpg
train\1zfqsc.jpg
train\1zg59j.jpg
train\1zte6j.jpg
train\20ffzb.jpg
train\20h315.jpg
train\20k62m.jpg
train\20qoti.jpg
train\20wnhk.jpg
train\21d9wl.jpg
train\21q7ci.jpg
train\21xjlx.jpg
train\21ys0a.jpg
train\22ewh2.jpg
train\230e1n.jpg
train\23id6p.jpg
train\23s9ff.jpg
train\240p2x.jpg
train\2462yd.jpg
train\24iycn.jpg
train\250h5s.jpg
train\2543lo.jpg
train\26trmn.jpg
train\26we8e.jpg
train\2725xq.jpg
train\274329.jpg
train\27h8hs.jpg
train\27lwoj.jpg
train\2823s7.jpg
train\28qsfj.jpg
train\29lzzs.jpg
train\29u1i4.jpg
train\29vvh7.jpg
train\2a0lwd.jpg
train\2a5vww.jpg
train\2af03u.jpg
train\2agwws.jpg
train\2aodp6.jpg
train\2ap4sa.jpg
train\2aqwr1.jpg
train\2ardha.jpg
train\2avyss.jpg
train\2b2j5g.jpg
train\2b3cw1.jpg
train\2biaha.jpg
train\2biqkn.jpg
train\2bohv6.jpg
train\2ci3qb.jpg
train\2cklyo.jpg
train\2clm2x.jpg
train\2cs21o.jpg
train\2cweqd.jpg
train\2cwt10.jpg
train\2d42ib.jpg
train\2d7yh8.jpg
train\2ddkc4.jpg
train\2dv0pz.jpg
train\2dvtps.jpg
train\2e7igv.jpg
train\2ebndh.jpg
train\2ed8qg.jpg
train\2ehd7i.jpg
train\2er23v.jpg
train\2fbhm3.jpg
train\2fjfpt.jpg
train\2ftejn.jpg
train\2ftkwk.jpg
train\2fytxg.jpg
train\2g6n5d.jpg
train\2g9yhj.jpg
train\2gkvxq.jpg
train\2gnqpu.jpg
train\2grokf.jpg
train\2guc2p.jpg
train\2gv3xl.jpg
train\2gz7kr.jpg
train\2h06fj.jpg
train\2h2jjv.jpg
train\2h4j6y.jpg
train\2hd1qr.jpg
train\2hivx2.jpg
train\2hkfcx.jpg
train\2hnovf.jpg
train\2ie0h8.jpg
train\2ip0aa.jpg
train\2ita0z.jpg
train\2j25wt.jpg
train\2j2xfw.jpg
train\2jidaw.jpg
train\2jp8vm.jpg
train\2jynpg.jpg
train\2k3skc.jpg
train\2l0oqf.jpg
train\2l44al.jpg
train\2m9q9x.jpg
train\2mcmhe.jpg
train\2mk7f1.jpg
train\2ms94q.jpg
train\2n5oku.jpg
train\2oakpq.jpg
train\2otf5b.jpg
train\2otxod.jpg
train\2p2gpw.jpg
train\2p5jt0.jpg
train\2q15w9.jpg
train\2qop16.jpg
train\2r8ivm.jpg
train\2rj13g.jpg
train\2rx5vj.jpg
train\2srwb7.jpg
train\2tnvkw.jpg
train\2tvnu0.jpg
train\2ugpjq.jpg
train\2uu2va.jpg
train\2vdc6c.jpg
train\2vkqj9.jpg
train\2vliry.jpg
train\2vopjg.jpg
train\2vyngi.jpg
train\2w2xuw.jpg
train\2w7wlf.jpg
train\2wqgru.jpg
train\2x16ir.jpg
train\2xo2wz.jpg
train\2y7gz6.jpg
train\2y8jqo.jpg
train\2z2gty.jpg
train\2z9ny5.jpg
train\2zckph.jpg
train\2ze52q.jpg
train\2zkgst.jpg
train\2zrnun.jpg
train\30f84k.jpg
train\30mmyw.jpg
train\30v05m.jpg
train\30viw0.jpg
train\30wdkz.jpg
train\3109ey.jpg
train\316bg6.jpg
train\317r05.jpg
train\31bh5d.jpg
train\31ngz4.jpg
train\31xkik.jpg
train\32mwck.jpg
train\33cq5u.jpg
train\33cxwk.jpg
train\33t1jt.jpg
train\36nii2.jpg
train\36pc3x.jpg
train\36xre1.jpg
train\374w4x.jpg
train\37cfd7.jpg
train\37o3se.jpg
train\380pkl.jpg
train\3811or.jpg
train\38ccq9.jpg
train\38izbc.jpg
train\38oxep.jpg
train\38x8l5.jpg
train\393ykh.jpg
train\3a2qvl.jpg
train\3amnqa.jpg
train\3at5qv.jpg
train\3bo75p.jpg
train\3bt18y.jpg
train\3c68du.jpg
train\3chcju.jpg
train\3cjbx3.jpg
train\3cxxcq.jpg
train\3d736x.jpg
train\3e5y8y.jpg
train\3egabj.jpg
train\3evh4p.jpg
train\3fkrc5.jpg
train\3ft49d.jpg
train\3gcg6d.jpg
train\3ggwhd.jpg
train\3gnz9l.jpg
train\3hz61t.jpg
train\3iabnu.jpg
train\3ibjw6.jpg
train\3inm6s.jpg
train\3iypzq.jpg
train\3jyvgp.jpg
train\3kcczj.jpg
train\3kg2sa.jpg
train\3kncgy.jpg
train\3kuv04.jpg
train\3kx7k0.jpg
train\3l3zg7.jpg
train\3l5whl.jpg
train\3l6szo.jpg
train\3lncjz.jpg
train\3ltame.jpg
train\3lzn8m.jpg
train\3mj09q.jpg
train\3o1nww.jpg
train\3o68jo.jpg
train\3p69fx.jpg
train\3p7y8b.jpg
train\3pm1a5.jpg
train\3pomxg.jpg
train\3pt42l.jpg
train\3qenil.jpg
train\3qsupf.jpg
train\3qvw04.jpg
train\3r081t.jpg
train\3r13bv.jpg
train\3r7m47.jpg
train\3raki2.jpg
train\3rhzlv.jpg
train\3srpr1.jpg
train\3stor5.jpg
train\3su257.jpg
train\3sxn2q.jpg
train\3sz5el.jpg
train\3t6hxh.jpg
train\3tkkso.jpg
train\3to92v.jpg
train\3usw92.jpg
train\3uv7p0.jpg
train\3v2l36.jpg
train\3vdnns.jpg
train\3vjbfd.jpg
train\3w1rl9.jpg
train\3w3poi.jpg
train\3w93oc.jpg
train\3wsdaj.jpg
train\3x6chj.jpg
train\3y092h.jpg
train\3y3tov.jpg
train\3yrmom.jpg
train\3z46l3.jpg
train\3zae8p.jpg
train\3zah9h.jpg
train\3zkmn8.jpg
train\400eom.jpg
train\40jtmv.jpg
train\40ma7s.jpg
train\40y3yv.jpg
train\41jrk2.jpg
train\41uyi0.jpg
train\426o3i.jpg
train\42f6na.jpg
train\42kg3d.jpg
train\42zudd.jpg
train\438qta.jpg
train\4398i3.jpg
train\43ceq2.jpg
train\43t7pm.jpg
train\4427yo.jpg
train\444vd8.jpg
train\44jjl0.jpg
train\44locs.jpg
train\451f4s.jpg
train\455ewe.jpg
train\45hmjs.jpg
train\45rg2c.jpg
train\466mnv.jpg
train\467gh6.jpg
train\46h00x.jpg
train\476but.jpg
train\47kgfi.jpg
train\47rmhm.jpg
train\47tdl8.jpg
train\47y11p.jpg
train\48lu0c.jpg
train\48ms9j.jpg
train\48pef6.jpg
train\494rae.jpg
train\4anzvh.jpg
train\4b5bv6.jpg
train\4bbi8z.jpg
train\4bcmlx.jpg
train\4bdo4i.jpg
train\4bppkr.jpg
train\4btdnu.jpg
train\4bv46t.jpg
train\4c4kh9.jpg
train\4ce3mh.jpg
train\4cly0r.jpg
train\4deu0x.jpg
train\4dgsx4.jpg
train\4dlpp7.jpg
train\4dyzy3.jpg
train\4ehhnh.jpg
train\4ezkeo.jpg
train\4f3d2l.jpg
train\4fegma.jpg
train\4g847w.jpg
train\4gpn6h.jpg
train\4gqnmk.jpg
train\4h9dnd.jpg
train\4hcz0c.jpg
train\4hmrfs.jpg
train\4i30c4.jpg
train\4i62dy.jpg
train\4i6dba.jpg
train\4iae8r.jpg
train\4ilx6z.jpg
train\4iupjn.jpg
train\4izt8f.jpg
train\4j8h6f.jpg
train\4k6bsb.jpg
train\4kd323.jpg
train\4kfq4b.jpg
train\4ld2ul.jpg
train\4lmvf8.jpg
train\4m2hxo.jpg
train\4m3fmq.jpg
train\4mc4wr.jpg
train\4mi80o.jpg
train\4min3g.jpg
train\4mwnyy.jpg
train\4nso9p.jpg
train\4nw97o.jpg
train\4obic5.jpg
train\4q9r9u.jpg
train\4qhy6g.jpg
train\4qkvk5.jpg
train\4qmp7x.jpg
train\4qr41a.jpg
train\4rvcl2.jpg
train\4sgc3z.jpg
train\4sibai.jpg
train\4u5m2l.jpg
train\4uezsz.jpg
train\4ujaij.jpg
train\4v58i6.jpg
train\4v8wed.jpg
train\4voy9c.jpg
train\4vukw0.jpg
train\4vy887.jpg
train\4x0wjg.jpg
train\4x6kn9.jpg
train\4xa97b.jpg
train\4y3i1u.jpg
train\4yc5rk.jpg
train\4ymxbv.jpg
train\4ypwdg.jpg
train\4zjqz1.jpg
train\502bx2.jpg
train\50joge.jpg
train\50z00b.jpg
train\5107k9.jpg
train\51ni0s.jpg
train\51q8n4.jpg
train\51tohs.jpg
train\52589v.jpg
train\527xvc.jpg
train\52jxyy.jpg
train\53g2yo.jpg
train\53ikqb.jpg
train\541ail.jpg
train\543fwz.jpg
train\54oyrn.jpg
train\54u0wa.jpg
train\5596vl.jpg
train\55tjw4.jpg
train\564az4.jpg
train\56npv2.jpg
train\56wa1m.jpg
train\56xhn2.jpg
train\57dwim.jpg
train\57x9df.jpg
train\585c1z.jpg
train\58ipn3.jpg
train\58rivz.jpg
train\596dfw.jpg
train\597loy.jpg
train\5a5awx.jpg
train\5azrbh.jpg
train\5b6sv4.jpg
train\5b9cup.jpg
train\5ba669.jpg
train\5bc442.jpg
train\5bchh9.jpg
train\5bezos.jpg
train\5bfa37.jpg
train\5bjuxb.jpg
train\5bogwu.jpg
train\5bsfov.jpg
train\5cal3r.jpg
train\5cbn0o.jpg
train\5co3al.jpg
train\5cvbyv.jpg
train\5d3t0q.jpg
train\5d673i.jpg
train\5d7isv.jpg
train\5dafar.jpg
train\5dqzww.jpg
train\5eh2nh.jpg
train\5eoqjp.jpg
train\5eq4m0.jpg
train\5ey69n.jpg
train\5ezqbz.jpg
train\5f16f9.jpg
train\5f4n6f.jpg
train\5fgdte.jpg
train\5fhxn5.jpg
train\5fne5r.jpg
train\5fp27u.jpg
train\5fzw73.jpg
train\5g6q1g.jpg
train\5gsu6i.jpg
train\5gxly2.jpg
train\5h2mkx.jpg
train\5h7d7w.jpg
train\5hr6nm.jpg
train\5i7dr4.jpg
train\5iflf9.jpg
train\5imao7.jpg
train\5iz2fr.jpg
train\5jcz07.jpg
train\5k0e7f.jpg
train\5khb3z.jpg
train\5koy6m.jpg
train\5kxo7y.jpg
train\5l4l6t.jpg
train\5labi1.jpg
train\5ler5c.jpg
train\5lgcht.jpg
train\5lhd95.jpg
train\5lkgxt.jpg
train\5midme.jpg
train\5mq1y2.jpg
train\5mqowk.jpg
train\5n6k0n.jpg
train\5nf3uq.jpg
train\5od8a8.jpg
train\5ohruw.jpg
train\5oolr6.jpg
train\5ovatx.jpg
train\5oxvrn.jpg
train\5p0yu7.jpg
train\5p64zy.jpg
train\5p9pui.jpg
train\5pl9tb.jpg
train\5q1nxy.jpg
train\5q3avn.jpg
train\5qbss3.jpg
train\5qicr1.jpg
train\5r0giz.jpg
train\5r5gxv.jpg
train\5r8rlo.jpg
train\5rga9v.jpg
train\5rwpk1.jpg
train\5t52y1.jpg
train\5tddmn.jpg
train\5tf2js.jpg
train\5tg9kc.jpg
train\5tnyre.jpg
train\5tpumy.jpg
train\5tuj9l.jpg
train\5tx3ji.jpg
train\5u58vl.jpg
train\5u89p9.jpg
train\5uk2ca.jpg
train\5uohss.jpg
train\5v1i3a.jpg
train\5vxkx1.jpg
train\5vzybj.jpg
train\5wb84x.jpg
train\5wbr1n.jpg
train\5wfrck.jpg
train\5wj66s.jpg
train\5wjvzy.jpg
train\5x3kn4.jpg
train\5xch4m.jpg
train\5xdo76.jpg
train\5xq3c0.jpg
train\5xs20q.jpg
train\5xs4m8.jpg
train\5yfmgb.jpg
train\5ykmuv.jpg
train\5ytesw.jpg
train\5yxqus.jpg
train\60b6u3.jpg
train\60milu.jpg
train\60qxy2.jpg
train\612djq.jpg
train\61mu4e.jpg
train\62ezv8.jpg
train\62nmne.jpg
train\62o2ez.jpg
train\62qc1r.jpg
train\62uo1o.jpg
train\63qhfv.jpg
train\63uxrs.jpg
train\64pp0h.jpg
train\65aptv.jpg
train\65ek4l.jpg
train\65nifo.jpg
train\65pn12.jpg
train\660mv2.jpg
train\6616j0.jpg
train\661du7.jpg
train\66bw4a.jpg
train\66plcr.jpg
train\67etq9.jpg
train\68588j.jpg
train\68mly1.jpg
train\68u6y0.jpg
train\68whd4.jpg
train\6a0l00.jpg
train\6a26sz.jpg
train\6a4jwj.jpg
train\6a95lp.jpg
train\6a9y6n.jpg
train\6b7jc8.jpg
train\6baheh.jpg
train\6cfo3f.jpg
train\6ch0xn.jpg
train\6cic7k.jpg
train\6d2buk.jpg
train\6dfitv.jpg
train\6dg4io.jpg
train\6egtvx.jpg
train\6ekoqn.jpg
train\6f199s.jpg
train\6f1kef.jpg
train\6f5j2k.jpg
train\6f6c41.jpg
train\6fc853.jpg
train\6fg2an.jpg
train\6fkp8a.jpg
train\6fpfd3.jpg
train\6gbtf2.jpg
train\6hfk2h.jpg
train\6hl0kj.jpg
train\6i9cyu.jpg
train\6ibn9o.jpg
train\6iskow.jpg
train\6itr8t.jpg
train\6j3hip.jpg
train\6j5anw.jpg
train\6jfmrc.jpg
train\6kp59f.jpg
train\6kread.jpg
train\6ktpj1.jpg
train\6kx63v.jpg
train\6likum.jpg
train\6ln0r0.jpg
train\6lv6fq.jpg
train\6maw40.jpg
train\6mffuf.jpg
train\6n4g9s.jpg
train\6na1ui.jpg
train\6ndmm0.jpg
train\6nivh0.jpg
train\6nye2u.jpg
train\6o485g.jpg
train\6op2wv.jpg
train\6oxra8.jpg
train\6p895m.jpg
train\6p8yqn.jpg
train\6plsyp.jpg
train\6po7af.jpg
train\6q4zel.jpg
train\6qgj7i.jpg
train\6qo7gf.jpg
train\6r0se7.jpg
train\6r725w.jpg
train\6rga4r.jpg
train\6rkuj7.jpg
train\6rsul3.jpg
train\6s0y2x.jpg
train\6s3ikx.jpg
train\6sovr1.jpg
train\6tu7qi.jpg
train\6u4frh.jpg
train\6ualqk.jpg
train\6uwumk.jpg
train\6vhzqv.jpg
train\6vmx50.jpg
train\6vw1s8.jpg
train\6vx65b.jpg
train\6w9wl7.jpg
train\6wgedj.jpg
train\6wognn.jpg
train\6wxc2q.jpg
train\6x5rdx.jpg
train\6xceg0.jpg
train\6xp92x.jpg
train\6y1far.jpg
train\6y6djs.jpg
train\6y9vho.jpg
train\6yiv9v.jpg
train\6yo359.jpg
train\6yw23y.jpg
train\6z9t39.jpg
train\6zdxr2.jpg
train\6zfcis.jpg
train\6ziwqb.jpg
train\6zn9lr.jpg
train\6zw8ko.jpg
train\6zz5zm.jpg
train\712z05.jpg
train\722inx.jpg
train\73q3hj.jpg
train\73wypf.jpg
train\74a2hv.jpg
train\74eg69.jpg
train\75gld7.jpg
train\75j885.jpg
train\75jllm.jpg
train\76auu2.jpg
train\76mneh.jpg
train\76pper.jpg
train\773zfg.jpg
train\7774w8.jpg
train\77fwnl.jpg
train\77niu1.jpg
train\785lti.jpg
train\789zvn.jpg
train\78vp28.jpg
train\78x89j.jpg
train\78zl6w.jpg
train\79034h.jpg
train\793ro9.jpg
train\798kz8.jpg
train\79r3t1.jpg
train\79t7cz.jpg
train\79y72v.jpg
train\7aatv1.jpg
train\7at5oo.jpg
train\7atc1b.jpg
train\7bfws7.jpg
train\7bgehm.jpg
train\7btobz.jpg
train\7bwskb.jpg
train\7c058r.jpg
train\7c0d4o.jpg
train\7c0l6c.jpg
train\7c6dh2.jpg
train\7cc8qa.jpg
train\7cl1or.jpg
train\7d66dq.jpg
train\7djy3o.jpg
train\7dqu17.jpg
train\7dx3hj.jpg
train\7e2cqh.jpg
train\7e3vg7.jpg
train\7e917c.jpg
train\7ee3pq.jpg
train\7eijsj.jpg
train\7eosr2.jpg
train\7eotob.jpg
train\7ev9mz.jpg
train\7f1r3g.jpg
train\7fada4.jpg
train\7farws.jpg
train\7fnhtp.jpg
train\7g7a4h.jpg
train\7g7u4m.jpg
train\7gwsde.jpg
train\7gx0ph.jpg
train\7gzmq9.jpg
train\7h3u91.jpg
train\7hkhdt.jpg
train\7idc8c.jpg
train\7ioer7.jpg
train\7iwpg7.jpg
train\7j32wh.jpg
train\7jjiih.jpg
train\7jjxx4.jpg
train\7k11q0.jpg
train\7kbp43.jpg
train\7kcoze.jpg
train\7khzee.jpg
train\7kov23.jpg
train\7kpijp.jpg
train\7ku8dd.jpg
train\7l12oo.jpg
train\7l8n2k.jpg
train\7llog3.jpg
train\7m3okb.jpg
train\7mdiag.jpg
train\7mnfrt.jpg
train\7mr4ti.jpg
train\7mrby1.jpg
train\7mxd2g.jpg
train\7n69qz.jpg
train\7ncktp.jpg
train\7nfqer.jpg
train\7njdg5.jpg
train\7okip0.jpg
train\7olccv.jpg
train\7otne8.jpg
train\7pjfqb.jpg
train\7qfhsz.jpg
train\7rz451.jpg
train\7sdrcv.jpg
train\7swrro.jpg
train\7todcl.jpg
train\7tzm66.jpg
train\7u0zs1.jpg
train\7u3w1j.jpg
train\7udm0u.jpg
train\7ufolm.jpg
train\7ukxq2.jpg
train\7v0zu4.jpg
train\7vjb9a.jpg
train\7vn2w7.jpg
train\7w14hn.jpg
train\7wbgx1.jpg
train\7wgv07.jpg
train\7wk3r3.jpg
train\7wmfde.jpg
train\7wwlmf.jpg
train\7x2q3g.jpg
train\7xf9pq.jpg
train\7xo2s9.jpg
train\7xqy0r.jpg
train\7xrp8g.jpg
train\7y2zpa.jpg
train\7ybhha.jpg
train\7ybztr.jpg
train\7yl6kx.jpg
train\7yztn8.jpg
train\7z4jx1.jpg
train\7zfou9.jpg
train\80evge.jpg
train\80ro4o.jpg
train\812brw.jpg
train\817utq.jpg
train\81nj0l.jpg
train\81qb34.jpg
train\82a4np.jpg
train\83smr3.jpg
train\83x2qn.jpg
train\83x9fz.jpg
train\83xggy.jpg
train\846gqq.jpg
train\848zoa.jpg
train\84mj9v.jpg
train\84qti2.jpg
train\84ummu.jpg
train\854yjh.jpg
train\8575jn.jpg
train\85mxca.jpg
train\85qbvk.jpg
train\862wxy.jpg
train\877iag.jpg
train\87bddh.jpg
train\87f844.jpg
train\87tew2.jpg
train\885f7b.jpg
train\89kb7n.jpg
train\89oce7.jpg
train\89wnir.jpg
train\8b9vhu.jpg
train\8bcpf9.jpg
train\8bfkwd.jpg
train\8bfva2.jpg
train\8c0v4w.jpg
train\8c1edu.jpg
train\8c7uvj.jpg
train\8ck71p.jpg
train\8ck85m.jpg
train\8cr8xw.jpg
train\8cv0pg.jpg
train\8dbcuj.jpg
train\8di6ql.jpg
train\8eg53s.jpg
train\8ekyw1.jpg
train\8exb87.jpg
train\8fl8pm.jpg
train\8fuspg.jpg
train\8fzv1i.jpg
train\8g9iwk.jpg
train\8gap3e.jpg
train\8gjh9g.jpg
train\8gla24.jpg
train\8harg6.jpg
train\8he9j8.jpg
train\8hqek7.jpg
train\8hqguy.jpg
train\8i8abm.jpg
train\8iibhw.jpg
train\8iv1oa.jpg
train\8k02q0.jpg
train\8knrew.jpg
train\8kyeok.jpg
train\8li19x.jpg
train\8lpgy4.jpg
train\8lrtza.jpg
train\8lvm3b.jpg
train\8madqw.jpg
train\8ml0wx.jpg
train\8n50lr.jpg
train\8nbifs.jpg
train\8nexiw.jpg
train\8niv4u.jpg
train\8nowjn.jpg
train\8p5mcc.jpg
train\8q31r5.jpg
train\8q3k3k.jpg
train\8q8kc3.jpg
train\8qchfx.jpg
train\8qf49y.jpg
train\8qrla7.jpg
train\8qrtcj.jpg
train\8r71j1.jpg
train\8rydbw.jpg
train\8s1rqi.jpg
train\8s6kf8.jpg
train\8setq1.jpg
train\8sv8ex.jpg
train\8t6epr.jpg
train\8tcl34.jpg
train\8tvqxj.jpg
train\8u95qq.jpg
train\8uumu2.jpg
train\8v0433.jpg
train\8v3fsg.jpg
train\8vajyf.jpg
train\8vli8c.jpg
train\8vps5b.jpg
train\8w0uhq.jpg
train\8wcytl.jpg
train\8wkfvf.jpg
train\8wnd13.jpg
train\8wxx92.jpg
train\8x53sf.jpg
train\8xwlpp.jpg
train\8yaeqw.jpg
train\8yswpb.jpg
train\8yvmmg.jpg
train\8zaug5.jpg
train\90diqp.jpg
train\90k5x1.jpg
train\915nvv.jpg
train\91lz87.jpg
train\921mhp.jpg
train\92a39i.jpg
train\92bewr.jpg
train\92gxfn.jpg
train\92qy0t.jpg
train\93aq8c.jpg
train\93cjih.jpg
train\93fxw3.jpg
train\93uvu1.jpg
train\94hgwu.jpg
train\94jmyp.jpg
train\94mm3i.jpg
train\95adz3.jpg
train\95atmb.jpg
train\95sa7a.jpg
train\96akz2.jpg
train\96w4ja.jpg
train\97b33l.jpg
train\98c8g2.jpg
train\98cp4n.jpg
train\98rjn3.jpg
train\997h7t.jpg
train\99856s.jpg
train\99djb5.jpg
train\9abyf4.jpg
train\9agfjm.jpg
train\9akelf.jpg
train\9az0y0.jpg
train\9b2y4u.jpg
train\9bmxhr.jpg
train\9bs32w.jpg
train\9bzoqv.jpg
train\9cgklr.jpg
train\9d0hyy.jpg
train\9d5n2u.jpg
train\9dm8h9.jpg
train\9ds07c.jpg
train\9dy8px.jpg
train\9flzo8.jpg
train\9g2vvc.jpg
train\9g638f.jpg
train\9gekhp.jpg
train\9gnbuk.jpg
train\9gnjf5.jpg
train\9grblx.jpg
train\9gus7u.jpg
train\9hduu9.jpg
train\9hlfxr.jpg
train\9hpq1q.jpg
train\9iml7q.jpg
train\9io0ro.jpg
train\9j90si.jpg
train\9jbzle.jpg
train\9jfymi.jpg
train\9jpf9z.jpg
train\9jyxcw.jpg
train\9k3y2g.jpg
train\9kash2.jpg
train\9kcihl.jpg
train\9kcpb2.jpg
train\9kipsa.jpg
train\9klzel.jpg
train\9km5fu.jpg
train\9kvvqn.jpg
train\9l0xwv.jpg
train\9lmqw0.jpg
train\9lymqy.jpg
train\9m5tgg.jpg
train\9mewwa.jpg
train\9myaez.jpg
train\9myzqe.jpg
train\9nvwlr.jpg
train\9o6h41.jpg
train\9odjp5.jpg
train\9oxblm.jpg
train\9p1zjf.jpg
train\9p31ja.jpg
train\9pnm4o.jpg
train\9ppx32.jpg
train\9q011q.jpg
train\9qgbyn.jpg
train\9qua46.jpg
train\9resvi.jpg
train\9rm2el.jpg
train\9rml4p.jpg
train\9ro9eh.jpg
train\9rry5c.jpg
train\9sgoc9.jpg
train\9skpi5.jpg
train\9sllp2.jpg
train\9soa8h.jpg
train\9ttudc.jpg
train\9u0eri.jpg
train\9u8m24.jpg
train\9uj7hq.jpg
train\9uqg3y.jpg
train\9v5s8e.jpg
train\9vjpdq.jpg
train\9w4enl.jpg
train\9w86ut.jpg
train\9whfvq.jpg
train\9whi9y.jpg
train\9x74vb.jpg
train\9x8owp.jpg
train\9x8xq3.jpg
train\9xmnl0.jpg
train\9xvfpi.jpg
train\9xw8fp.jpg
train\9xwtq3.jpg
train\9ymcww.jpg
train\9yqzcn.jpg
train\9yrhbv.jpg
train\9yytzs.jpg
train\9zbid0.jpg
train\9zhxpr.jpg
train\9zpp92.jpg
train\9zqtlv.jpg
train\9zym6m.jpg
train\a0u534.jpg
train\a183rn.jpg
train\a1ao2b.jpg
train\a1p7qr.jpg
train\a1zv6s.jpg
train\a2lmsa.jpg
train\a2lntp.jpg
train\a340l8.jpg
train\a3d2in.jpg
train\a3tv9u.jpg
train\a3u99t.jpg
train\a44jun.jpg
train\a4i0e0.jpg
train\a4rimo.jpg
train\a53wnp.jpg
train\a57i83.jpg
train\a5l3y9.jpg
train\a5mstg.jpg
train\a5tqj3.jpg
train\a61c3j.jpg
train\a6idc6.jpg
train\a6ovv0.jpg
train\a6rxk7.jpg
train\a70gp9.jpg
train\a73okd.jpg
train\a7kryn.jpg
train\a7lerl.jpg
train\a7ovsa.jpg
train\a7v4a0.jpg
train\a80osn.jpg
train\a8ol0q.jpg
train\a8ul97.jpg
train\a8yqk6.jpg
train\a93kdr.jpg
train\a99m2t.jpg
train\aacrj6.jpg
train\aajkwo.jpg
train\aataof.jpg
train\ab3fto.jpg
train\ab5j4r.jpg
train\abcwg2.jpg
train\abuqk6.jpg
train\ac6bsk.jpg
train\achmh5.jpg
train\ae3v49.jpg
train\aeim5a.jpg
train\aev112.jpg
train\afax8d.jpg
train\afwgja.jpg
train\afy03g.jpg
train\ag1ox7.jpg
train\agdwir.jpg
train\agjr3o.jpg
train\ago1ly.jpg
train\ah3p50.jpg
train\ahtlt9.jpg
train\ai3m4l.jpg
train\ai9tfy.jpg
train\aj5i65.jpg
train\aj88ik.jpg
train\ajndsd.jpg
train\ajqxkf.jpg
train\ajy0b6.jpg
train\ak4swb.jpg
train\akbl5o.jpg
train\akey3t.jpg
train\akqk8n.jpg
train\al7981.jpg
train\alil6r.jpg
train\alk3we.jpg
train\alqse5.jpg
train\am39l3.jpg
train\amcsrq.jpg
train\amgthb.jpg
train\amiyak.jpg
train\amkq0p.jpg
train\aml78p.jpg
train\amruvw.jpg
train\anuf5o.jpg
train\anwdgw.jpg
train\aorivj.jpg
train\aot3wu.jpg
train\aoxplf.jpg
train\ap1c90.jpg
train\ap5mw1.jpg
train\aplchi.jpg
train\aqurf9.jpg
train\aqvc04.jpg
train\aqxw8n.jpg
train\as5wyd.jpg
train\asgeww.jpg
train\asvaed.jpg
train\asvbdc.jpg
train\atk81c.jpg
train\atkdao.jpg
train\atp3py.jpg
train\atro3c.jpg
train\atvmn7.jpg
train\atxaiq.jpg
train\au1dpq.jpg
train\au3d8y.jpg
train\auazq6.jpg
train\auc78d.jpg
train\audd7c.jpg
train\aumube.jpg
train\auv4bh.jpg
train\av20zv.jpg
train\avqyyu.jpg
train\avujaj.jpg
train\avw9wf.jpg
train\awk5vf.jpg
train\awwu4x.jpg
train\ax1fij.jpg
train\axfrj9.jpg
train\axko1l.jpg
train\axl5lg.jpg
train\axniw7.jpg
train\axnqbt.jpg
train\axw831.jpg
train\ay3axz.jpg
train\ayowdp.jpg
train\azw8fc.jpg
train\azy37j.jpg
train\b097yi.jpg
train\b0bo3t.jpg
train\b0ka5n.jpg
train\b0n8x8.jpg
train\b13dqn.jpg
train\b13xc6.jpg
train\b2druv.jpg
train\b2qv5l.jpg
train\b2zca4.jpg
train\b32amx.jpg
train\b38wdq.jpg
train\b3jx9n.jpg
train\b3p3o5.jpg
train\b41cwd.jpg
train\b47iu4.jpg
train\b4cogt.jpg
train\b4rrvn.jpg
train\b4yxb2.jpg
train\b5gx9d.jpg
train\b69nm0.jpg
train\b6omka.jpg
train\b6qbd8.jpg
train\b6wrjn.jpg
train\b7ierz.jpg
train\b7q24b.jpg
train\b7rfli.jpg
train\b7wjp4.jpg
train\b7z0dj.jpg
train\b81h65.jpg
train\b8qa6s.jpg
train\b8rcae.jpg
train\b8srln.jpg
train\b95ka6.jpg
train\b9q00q.jpg
train\bal36h.jpg
train\baph1f.jpg
train\baqkam.jpg
train\baxq61.jpg
train\bbpa15.jpg
train\bbvesz.jpg
train\bc39xm.jpg
train\bc7ots.jpg
train\bcm6bq.jpg
train\bcyieq.jpg
train\bdf0vg.jpg
train\bdjzqt.jpg
train\behbeo.jpg
train\berjml.jpg
train\bf7zja.jpg
train\bfdj2t.jpg
train\bfihja.jpg
train\bfv3nf.jpg
train\bfzcw0.jpg
train\bgc175.jpg
train\bgewol.jpg
train\bgja2x.jpg
train\bgjeew.jpg
train\bgjx54.jpg
train\bgn885.jpg
train\bhccgs.jpg
train\bhjeke.jpg
train\biajme.jpg
train\bic5xq.jpg
train\biwczm.jpg
train\bizwb6.jpg
train\bjdzz8.jpg
train\bjy7vx.jpg
train\bk0btq.jpg
train\bkefsm.jpg
train\bktczj.jpg
train\bkuecj.jpg
train\bkzz8c.jpg
train\bl0119.jpg
train\bl1juu.jpg
train\bluew8.jpg
train\blxehh.jpg
train\blxxof.jpg
train\bm07ob.jpg
train\bm0mwm.jpg
train\bmj809.jpg
train\bmpl58.jpg
train\bmxmmw.jpg
train\bn93er.jpg
train\bnbfl2.jpg
train\bnlrt9.jpg
train\bnyf4s.jpg
train\bo2o84.jpg
train\bo4eka.jpg
train\bocps3.jpg
train\bovqd5.jpg
train\boxwzk.jpg
train\bp5mrz.jpg
train\bpd5rj.jpg
train\bpd66v.jpg
train\bps3ft.jpg
train\bpxalf.jpg
train\bq2r49.jpg
train\bqafeh.jpg
train\bqaovg.jpg
train\bqexvr.jpg
train\bqqkx6.jpg
train\bqqp8x.jpg
train\bsl38t.jpg
train\bswz3m.jpg
train\bsyld4.jpg
train\bt7pv7.jpg
train\btidrj.jpg
train\btsqo8.jpg
train\bu9thb.jpg
train\bue3ip.jpg
train\buolhd.jpg
train\bup3y2.jpg
train\busd3c.jpg
train\buu0gt.jpg
train\bvtrvj.jpg
train\bwf378.jpg
train\bwtwjw.jpg
train\bx0fdi.jpg
train\bxm43j.jpg
train\bxnhy2.jpg
train\bxpwnk.jpg
train\bxx6ro.jpg
train\byxpac.jpg
train\bz8f34.jpg
train\bzwol6.jpg
train\c050k4.jpg
train\c07m81.jpg
train\c0j1en.jpg
train\c0pvd3.jpg
train\c1qcw5.jpg
train\c2qwl3.jpg
train\c3156h.jpg
train\c3mnr4.jpg
train\c43wb7.jpg
train\c4jiib.jpg
train\c4lzqk.jpg
train\c52t2s.jpg
train\c52zjd.jpg
train\c5ism7.jpg
train\c5kuy4.jpg
train\c61e9f.jpg
train\c636lu.jpg
train\c72bt7.jpg
train\c7k9or.jpg
train\c7o833.jpg
train\c86b9c.jpg
train\c8j0xd.jpg
train\c982v0.jpg
train\c99aqd.jpg
train\c9k01c.jpg
train\c9vpkv.jpg
train\ca4gpt.jpg
train\ca6jm4.jpg
train\cal1yv.jpg
train\cazbq2.jpg
train\cb3je6.jpg
train\cbafe5.jpg
train\cbcwhc.jpg
train\cbgbf5.jpg
train\cbih9x.jpg
train\cbj358.jpg
train\cbu3rx.jpg
train\cc2pm4.jpg
train\cc52fc.jpg
train\cc7iqw.jpg
train\cc7l2v.jpg
train\ccedp2.jpg
train\cd81j2.jpg
train\cd9tn8.jpg
train\cdq1te.jpg
train\cdtbje.jpg
train\ce9q4z.jpg
train\cenxn1.jpg
train\cet7sx.jpg
train\cfscf8.jpg
train\cgvyrp.jpg
train\ch23fh.jpg
train\ch3ws4.jpg
train\chy0mb.jpg
train\chz63d.jpg
train\ci04ma.jpg
train\cipt8i.jpg
train\cj3chp.jpg
train\cjs38g.jpg
train\cjtcs4.jpg
train\ck6hd1.jpg
train\ckdffn.jpg
train\ckr7nw.jpg
train\cl44xn.jpg
train\clmjhx.jpg
train\clqr08.jpg
train\cltttb.jpg
train\cn17j6.jpg
train\co79sd.jpg
train\cot12e.jpg
train\cpe2nj.jpg
train\cpf4jk.jpg
train\cpyrr0.jpg
train\cq2cua.jpg
train\cq9w6i.jpg
train\cri3ct.jpg
train\crius0.jpg
train\crldrc.jpg
train\crmj7g.jpg
train\crseir.jpg
train\crxaub.jpg
train\cs1qe9.jpg
train\cs21m6.jpg
train\cs9s88.jpg
train\cssxrl.jpg
train\cszbo2.jpg
train\ctiw0b.jpg
train\ctut23.jpg
train\cu68lc.jpg
train\cup9pk.jpg
train\cusn8p.jpg
train\cv63o8.jpg
train\cvdw61.jpg
train\cvl0o9.jpg
train\cvq1fc.jpg
train\cw74im.jpg
train\cw9fa5.jpg
train\cy00nj.jpg
train\cy2lr3.jpg
train\cy3dm3.jpg
train\cyy41n.jpg
train\czhp8e.jpg
train\czuhtn.jpg
train\d0eemm.jpg
train\d0g2zs.jpg
train\d0wsu7.jpg
train\d0xjzp.jpg
train\d10qqh.jpg
train\d18okt.jpg
train\d1hp6g.jpg
train\d1o52b.jpg
train\d2d8x7.jpg
train\d2iwms.jpg
train\d2pb4s.jpg
train\d39ayl.jpg
train\d3ugxw.jpg
train\d42ds9.jpg
train\d439fy.jpg
train\d44cjy.jpg
train\d4e9ac.jpg
train\d4rzqt.jpg
train\d55zjp.jpg
train\d5tajx.jpg
train\d5ut0z.jpg
train\d5zhx2.jpg
train\d6eplm.jpg
train\d6t7dl.jpg
train\d72x4i.jpg
train\d7mu1a.jpg
train\d7q6lb.jpg
train\d7zuk0.jpg
train\d8nxuv.jpg
train\d9g2f4.jpg
train\d9m3iz.jpg
train\d9rxqj.jpg
train\d9z538.jpg
train\da3v6g.jpg
train\da99i4.jpg
train\da9ivw.jpg
train\da9q6a.jpg
train\dad54b.jpg
train\dasa7o.jpg
train\dayt3l.jpg
train\dbio1s.jpg
train\dbj0xj.jpg
train\dchey9.jpg
train\dchpo0.jpg
train\dcv2lt.jpg
train\dcw9o1.jpg
train\dd4o6r.jpg
train\ddhlwg.jpg
train\dduzfl.jpg
train\de0ye7.jpg
train\de92bu.jpg
train\derazq.jpg
train\df93nb.jpg
train\dgvevj.jpg
train\dhw7cp.jpg
train\dihav7.jpg
train\dilbmq.jpg
train\diplpe.jpg
train\divke7.jpg
train\dj0bwn.jpg
train\djb23e.jpg
train\djpcp7.jpg
train\djtm7a.jpg
train\djwa74.jpg
train\dkcsud.jpg
train\dkgbev.jpg
train\dkof45.jpg
train\dls7ug.jpg
train\dlt2qa.jpg
train\dm9b0y.jpg
train\dma4tk.jpg
train\dma7sa.jpg
train\dmfuiv.jpg
train\dmkugg.jpg
train\dnow2h.jpg
train\dnsn98.jpg
train\dokiiq.jpg
train\dowese.jpg
train\doxc9q.jpg
train\dpd7ak.jpg
train\dpoqua.jpg
train\dpxdsb.jpg
train\dqouw7.jpg
train\dqzrfh.jpg
train\dr0xbr.jpg
train\dref97.jpg
train\drilde.jpg
train\ds1sbd.jpg
train\dscxrt.jpg
train\dsxbqh.jpg
train\dt1gpz.jpg
train\dtv4zp.jpg
train\du7zfb.jpg
train\dumw9q.jpg
train\dunkdp.jpg
train\duzlp7.jpg
train\dv0v9o.jpg
train\dvb4y0.jpg
train\dvlqtx.jpg
train\dvsvci.jpg
train\dwbvy6.jpg
train\dwhzy7.jpg
train\dwjj8q.jpg
train\dwlwra.jpg
train\dxb1tv.jpg
train\dxepvj.jpg
train\dxnggs.jpg
train\dxze9a.jpg
train\dya4ix.jpg
train\dypqzu.jpg
train\dyu90m.jpg
train\dz2mqm.jpg
train\dzdqek.jpg
train\dzkthy.jpg
train\dztszh.jpg
train\e0umbp.jpg
train\e0xa8d.jpg
train\e15fkt.jpg
train\e1dzyd.jpg
train\e1ie7a.jpg
train\e1o2a7.jpg
train\e1p1x0.jpg
train\e1qkgb.jpg
train\e1swn2.jpg
train\e1tx9g.jpg
train\e2a2k9.jpg
train\e2b026.jpg
train\e2n8ip.jpg
train\e2zwhf.jpg
train\e3cv4j.jpg
train\e3mrf7.jpg
train\e405nb.jpg
train\e4asbd.jpg
train\e4b86t.jpg
train\e4dotv.jpg
train\e4ga2i.jpg
train\e58ogy.jpg
train\e60gxg.jpg
train\e67r0t.jpg
train\e70whs.jpg
train\e7ahro.jpg
train\e7dtzi.jpg
train\e7y9g9.jpg
train\e82en4.jpg
train\e82h0d.jpg
train\e84kv7.jpg
train\e949iw.jpg
train\e977kj.jpg
train\e9szec.jpg
train\e9t5gp.jpg
train\ea7cnt.jpg
train\ea85nr.jpg
train\eakbnv.jpg
train\eaks98.jpg
train\eas2lv.jpg
train\ebppxp.jpg
train\ebuhlb.jpg
train\eby12m.jpg
train\ebzr2j.jpg
train\ecs485.jpg
train\eczyph.jpg
train\edf883.jpg
train\edhccj.jpg
train\ee72g9.jpg
train\eef3pb.jpg
train\eeq6mv.jpg
train\eesc7w.jpg
train\eez927.jpg
train\ef0kh3.jpg
train\ef3qsj.jpg
train\efaxhg.jpg
train\egnuue.jpg
train\egwn1m.jpg
train\eh2vix.jpg
train\ehjp2j.jpg
train\ehqk3y.jpg
train\ehw58i.jpg
train\ei6cx3.jpg
train\eiehg4.jpg
train\eiikxa.jpg
train\eilp2l.jpg
train\eislq1.jpg
train\eitrg4.jpg
train\eiyccb.jpg
train\ej5rof.jpg
train\ej6oqv.jpg
train\ek69qu.jpg
train\ek8bc5.jpg
train\ekni7k.jpg
train\eltuj7.jpg
train\em107b.jpg
train\emdrz5.jpg
train\emgc3f.jpg
train\emmfi0.jpg
train\en15fa.jpg
train\enw725.jpg
train\eo2yco.jpg
train\eopy9v.jpg
train\eot67l.jpg
train\eouose.jpg
train\eovqac.jpg
train\epek9v.jpg
train\epf71s.jpg
train\epj5wi.jpg
train\epsjjd.jpg
train\er9hsz.jpg
train\erp886.jpg
train\es054m.jpg
train\eswhow.jpg
train\esytc2.jpg
train\et5tqj.jpg
train\eta4tn.jpg
train\eti5hx.jpg
train\etsnsu.jpg
train\euddw9.jpg
train\eugt6l.jpg
train\eujrpl.jpg
train\euoyfd.jpg
train\evgito.jpg
train\ew8q4p.jpg
train\ew9sa0.jpg
train\ewq6nk.jpg
train\ex00an.jpg
train\ex3qjn.jpg
train\excqh1.jpg
train\ext5gs.jpg
train\exz122.jpg
train\eyg2hp.jpg
train\ezbr2j.jpg
train\ezq2hn.jpg
train\ezs356.jpg
train\ezws7u.jpg
train\f0szxo.jpg
train\f0u9g6.jpg
train\f0w4am.jpg
train\f0ylta.jpg
train\f1xz51.jpg
train\f2ki0b.jpg
train\f3o46x.jpg
train\f45pum.jpg
train\f4cpaz.jpg
train\f4kxuv.jpg
train\f4zv1q.jpg
train\f570iy.jpg
train\f5m2oc.jpg
train\f5m8rs.jpg
train\f5z96d.jpg
train\f61m2v.jpg
train\f6so9c.jpg
train\f73jrf.jpg
train\f79sut.jpg
train\f7s3ue.jpg
train\f7tgq2.jpg
train\f8e7h6.jpg
train\f8wi6r.jpg
train\f8yhlx.jpg
train\f902re.jpg
train\f9axw6.jpg
train\f9fh0o.jpg
train\f9rgnh.jpg
train\f9y79f.jpg
train\f9zgtg.jpg
train\fa2rhz.jpg
train\fanayh.jpg
train\fap508.jpg
train\fapggn.jpg
train\fayi6d.jpg
train\fbh3gx.jpg
train\fbp069.jpg
train\fbrafs.jpg
train\fbvyjb.jpg
train\fccq96.jpg
train\fdqm68.jpg
train\fdvled.jpg
train\fe00hw.jpg
train\febgnq.jpg
train\fej5c6.jpg
train\ffeqjq.jpg
train\ffxstn.jpg
train\fg1ax9.jpg
train\fgfswn.jpg
train\fhmzgi.jpg
train\fhswdc.jpg
train\fi0fmt.jpg
train\fj3mqv.jpg
train\fj5mpv.jpg
train\fjfvu0.jpg
train\fjk9u6.jpg
train\fjv6i2.jpg
train\fk8utf.jpg
train\fkaqwt.jpg
train\fkigwi.jpg
train\fm036g.jpg
train\fmdui9.jpg
train\fmea84.jpg
train\fmiv5q.jpg
train\fmuycf.jpg
train\fn04f7.jpg
train\fn1rs6.jpg
train\fnc5na.jpg
train\fnfe6h.jpg
train\fnh5nu.jpg
train\fodm0z.jpg
train\fonqs2.jpg
train\fp0as2.jpg
train\fp1crn.jpg
train\fp2ppt.jpg
train\fpcf9d.jpg
train\fpmdul.jpg
train\fpsn40.jpg
train\fpz1h9.jpg
train\fqqcv1.jpg
train\fqrnwa.jpg
train\fr0gfv.jpg
train\fr8fzv.jpg
train\frciq1.jpg
train\frnj9b.jpg
train\frw7sk.jpg
train\fsawiq.jpg
train\fsc5vv.jpg
train\fsui63.jpg
train\ftiarv.jpg
train\ftkrtd.jpg
train\fu9lni.jpg
train\fv1rio.jpg
train\fvdapk.jpg
train\fvzbji.jpg
train\fwa9u1.jpg
train\fx114m.jpg
train\fxcy3v.jpg
train\fy0t59.jpg
train\fyenxa.jpg
train\fytpjo.jpg
train\fzoobc.jpg
train\fzrtcd.jpg
train\g01hd6.jpg
train\g09d0s.jpg
train\g0bxc1.jpg
train\g0te4k.jpg
train\g0yvy8.jpg
train\g11igo.jpg
train\g1kauu.jpg
train\g1ln16.jpg
train\g27n6t.jpg
train\g2bezu.jpg
train\g2z654.jpg
train\g3g2vr.jpg
train\g3n1jj.jpg
train\g3p5t6.jpg
train\g3qflx.jpg
train\g42bqr.jpg
train\g4rc8o.jpg
train\g52zkp.jpg
train\g56rq8.jpg
train\g5tihx.jpg
train\g633l9.jpg
train\g68xi9.jpg
train\g6fhku.jpg
train\g6lqm4.jpg
train\g759td.jpg
train\g7nzpj.jpg
train\g84il0.jpg
train\g8q10z.jpg
train\g9746o.jpg
train\g9jh5n.jpg
train\g9qsqo.jpg
train\ga2z5m.jpg
train\ga5p62.jpg
train\ga7agq.jpg
train\gah35p.jpg
train\gal1oi.jpg
train\gasezs.jpg
train\gazdql.jpg
train\gbhxfp.jpg
train\gbphj9.jpg
train\gbrp1f.jpg
train\gbs1g2.jpg
train\gbt738.jpg
train\gbz6u6.jpg
train\gbzw5z.jpg
train\gc5a17.jpg
train\gcnntb.jpg
train\gcw7kj.jpg
train\gdl2m4.jpg
train\gdrstf.jpg
train\gds7mm.jpg
train\ge48g1.jpg
train\gefka4.jpg
train\genq7h.jpg
train\gey99r.jpg
train\geyu6d.jpg
train\gf8act.jpg
train\gf8ws5.jpg
train\gf95x5.jpg
train\gfftty.jpg
train\gfnihf.jpg
train\gfps73.jpg
train\ggd5b9.jpg
train\ggjp25.jpg
train\ggnwrs.jpg
train\ggve3n.jpg
train\ghqr4c.jpg
train\ghrvsx.jpg
train\gi6bjf.jpg
train\gi8r3c.jpg
train\gii8fp.jpg
train\giikkb.jpg
train\gikvtt.jpg
train\gimwq0.jpg
train\giptda.jpg
train\gixeid.jpg
train\gizl11.jpg
train\gj31qd.jpg
train\gj7sxx.jpg
train\gjide2.jpg
train\gjjgst.jpg
train\gjnfbq.jpg
train\gjrko1.jpg
train\gjrtfj.jpg
train\gk5k0n.jpg
train\gkbth8.jpg
train\gkfo4d.jpg
train\gkjs38.jpg
train\gl6dka.jpg
train\glfwz1.jpg
train\glgaf8.jpg
train\gltm2j.jpg
train\glvnbp.jpg
train\gm0f1z.jpg
train\gm1fsv.jpg
train\gme57s.jpg
train\gml59a.jpg
train\gozirt.jpg
train\gp8gcw.jpg
train\gpec3p.jpg
train\gpu9gg.jpg
train\gqguzu.jpg
train\gqi2ol.jpg
train\gr31o3.jpg
train\gr4uty.jpg
train\grsft8.jpg
train\gs6juv.jpg
train\gs6kpc.jpg
train\gsd89a.jpg
train\gt2i11.jpg
train\gtg56e.jpg
train\gtukex.jpg
train\gubfdm.jpg
train\gucpol.jpg
train\guj58o.jpg
train\gupp2w.jpg
train\guwkiv.jpg
train\gux5jr.jpg
train\gvlcxh.jpg
train\gvmyzj.jpg
train\gvnh1u.jpg
train\gvpy3z.jpg
train\gvsvqv.jpg
train\gw9qoq.jpg
train\gwepel.jpg
train\gwlvy7.jpg
train\gwn45m.jpg
train\gwwjhw.jpg
train\gxvdph.jpg
train\gyb85p.jpg
train\gyinv4.jpg
train\gyp4du.jpg
train\gyrbl2.jpg
train\gz8kgf.jpg
train\gznwms.jpg
train\h04xef.jpg
train\h0icyc.jpg
train\h0jvma.jpg
train\h0plhm.jpg
train\h10szc.jpg
train\h16q2c.jpg
train\h1ibwc.jpg
train\h1wlsd.jpg
train\h25m8x.jpg
train\h32dj0.jpg
train\h3e1ah.jpg
train\h3q1xi.jpg
train\h3s0k6.jpg
train\h4okjz.jpg
train\h50n0h.jpg
train\h5cskv.jpg
train\h5jsaz.jpg
train\h5llna.jpg
train\h5puqm.jpg
train\h682ic.jpg
train\h6h05y.jpg
train\h6hfz2.jpg
train\h6nukt.jpg
train\h6p10i.jpg
train\h71uty.jpg
train\h76bnm.jpg
train\h78com.jpg
train\h7hmo8.jpg
train\h7k6zx.jpg
train\h853rq.jpg
train\h8db80.jpg
train\h8gns3.jpg
train\h939co.jpg
train\h93ra8.jpg
train\h95s58.jpg
train\h9juq3.jpg
train\h9rib9.jpg
train\h9rust.jpg
train\h9s06i.jpg
train\h9t342.jpg
train\ha0cls.jpg
train\ha7qdb.jpg
train\harlp5.jpg
train\hb1jmg.jpg
train\hbcdow.jpg
train\hc03ay.jpg
train\hc9r6i.jpg
train\hd8xkc.jpg
train\hdevts.jpg
train\hdewbx.jpg
train\hdpzi4.jpg
train\hdzld5.jpg
train\heygzc.jpg
train\hg1bqt.jpg
train\hg4ika.jpg
train\hg80vu.jpg
train\hgg8zo.jpg
train\hgxa7p.jpg
train\hh40r0.jpg
train\hhaydl.jpg
train\hhc5gr.jpg
train\hhhgmp.jpg
train\hi7ohy.jpg
train\hil7mh.jpg
train\hiphcn.jpg
train\hj05ss.jpg
train\hjm951.jpg
train\hjs0sr.jpg
train\hjtspr.jpg
train\hjvvxj.jpg
train\hkkejr.jpg
train\hkn635.jpg
train\hkpad9.jpg
train\hl41sp.jpg
train\hl5s04.jpg
train\hli474.jpg
train\hlo0gu.jpg
train\hlvbue.jpg
train\hlzpe5.jpg
train\hmpxcu.jpg
train\hmrg44.jpg
train\hmtchh.jpg
train\hmuhyl.jpg
train\hmyth1.jpg
train\hn51vf.jpg
train\hn81x0.jpg
train\hnbg3f.jpg
train\hnd77s.jpg
train\hnh9n8.jpg
train\hnnlb4.jpg
train\hnx1yu.jpg
train\hok0yi.jpg
train\hop7y8.jpg
train\hozto2.jpg
train\hp34q7.jpg
train\hp527q.jpg
train\hq2gho.jpg
train\hq6p72.jpg
train\hqao33.jpg
train\hqcopv.jpg
train\hqqivi.jpg
train\hr0mp5.jpg
train\hrtr7a.jpg
train\hrwo4d.jpg
train\hseb9k.jpg
train\htb2kj.jpg
train\htf6q9.jpg
train\htndkm.jpg
train\hv53kn.jpg
train\hvab8n.jpg
train\hvqfsy.jpg
train\hvri88.jpg
train\hvyawp.jpg
train\hwjwis.jpg
train\hwr877.jpg
train\hwrhbv.jpg
train\hwri0x.jpg
train\hwvlru.jpg
train\hx1det.jpg
train\hyefua.jpg
train\hyoyfh.jpg
train\hzgnpg.jpg
train\hzomz9.jpg
train\hzqexv.jpg
train\i0sv4s.jpg
train\i16ico.jpg
train\i1f5xb.jpg
train\i1pnbe.jpg
train\i279o2.jpg
train\i291jo.jpg
train\i2v6f7.jpg
train\i38hu6.jpg
train\i3elwp.jpg
train\i3ew06.jpg
train\i3o8ay.jpg
train\i4axia.jpg
train\i4c3sz.jpg
train\i4rfxv.jpg
train\i4yyry.jpg
train\i5qxxz.jpg
train\i5u2l7.jpg
train\i630wm.jpg
train\i6ix82.jpg
train\i6kcfk.jpg
train\i79jjl.jpg
train\i7m1iw.jpg
train\i8bwqz.jpg
train\i8fw45.jpg
train\i8km9t.jpg
train\i8ykv9.jpg
train\i8zl6d.jpg
train\i9c4fj.jpg
train\i9fzxi.jpg
train\i9jeki.jpg
train\i9oirk.jpg
train\iah4xw.jpg
train\iakisw.jpg
train\ialhdr.jpg
train\ib9vgq.jpg
train\ibb7np.jpg
train\ibcxhm.jpg
train\ibj79f.jpg
train\ibrkb0.jpg
train\icjlox.jpg
train\ide56o.jpg
train\idf6wu.jpg
train\idk554.jpg
train\idm0hj.jpg
train\idvu3q.jpg
train\ie3mp6.jpg
train\ie80bn.jpg
train\ie9ssq.jpg
train\iedvhk.jpg
train\ieu19y.jpg
train\if0quy.jpg
train\if3ku1.jpg
train\if5mw2.jpg
train\ifb35i.jpg
train\ifc83g.jpg
train\ig3nn4.jpg
train\igu0u8.jpg
train\ih3fs5.jpg
train\ihawpk.jpg
train\ihfxwe.jpg
train\ihhda9.jpg
train\ihmt2r.jpg
train\ihv8q2.jpg
train\ii3wdd.jpg
train\ii7poe.jpg
train\ii8a0f.jpg
train\ij64jd.jpg
train\il8s5m.jpg
train\ilfsf3.jpg
train\ilmuxl.jpg
train\injope.jpg
train\io1tf0.jpg
train\io72zl.jpg
train\iog2c0.jpg
train\iom5c8.jpg
train\iox7yj.jpg
train\iox8qv.jpg
train\ipeio4.jpg
train\ipigr6.jpg
train\ipu9u2.jpg
train\ipz4fd.jpg
train\iqegtz.jpg
train\iqonfz.jpg
train\iquz3k.jpg
train\iqzdcz.jpg
train\irh22j.jpg
train\irhvbk.jpg
train\irwgdj.jpg
train\is3z44.jpg
train\isxxwg.jpg
train\it0jg3.jpg
train\it0xeh.jpg
train\it413f.jpg
train\it42oh.jpg
train\itp709.jpg
train\iu773v.jpg
train\iu78n2.jpg
train\iuz43x.jpg
train\iv74dj.jpg
train\iv8gk1.jpg
train\ivqena.jpg
train\iwnou7.jpg
train\ix2oh3.jpg
train\ixxpmh.jpg
train\ixzkju.jpg
train\iycavo.jpg
train\iyfzx8.jpg
train\iyofo4.jpg
train\iytjcv.jpg
train\izeuha.jpg
train\izff1v.jpg
train\izgt8j.jpg
train\izjlfy.jpg
train\izxf6k.jpg
train\j02t38.jpg
train\j0bllt.jpg
train\j0s559.jpg
train\j0u8oz.jpg
train\j0yqcb.jpg
train\j10a1e.jpg
train\j16f4x.jpg
train\j1lm2k.jpg
train\j29us0.jpg
train\j2df65.jpg
train\j2is0l.jpg
train\j2y7lq.jpg
train\j3cj82.jpg
train\j3zasr.jpg
train\j45o4g.jpg
train\j4cwz6.jpg
train\j50alh.jpg
train\j5jd2u.jpg
train\j6fqz5.jpg
train\j6jy3n.jpg
train\j6lbma.jpg
train\j736gc.jpg
train\j7gyun.jpg
train\j7mqis.jpg
train\j7ol8u.jpg
train\j87zac.jpg
train\j8s1w2.jpg
train\j9shfe.jpg
train\ja4htw.jpg
train\ja81t2.jpg
train\jb3t6o.jpg
train\jbh7vp.jpg
train\jc73p9.jpg
train\jca1cz.jpg
train\jcd4no.jpg
train\jcror9.jpg
train\jd4vpo.jpg
train\jd53k7.jpg
train\jd808i.jpg
train\jdpwhz.jpg
train\jdrt61.jpg
train\jdtomx.jpg
train\je3185.jpg
train\jecq12.jpg
train\jen4jj.jpg
train\jeqyd8.jpg
train\jf843e.jpg
train\jfaakw.jpg
train\jfgbin.jpg
train\jfmwi4.jpg
train\jfokso.jpg
train\jfrvoc.jpg
train\jfyqg0.jpg
train\jgfc52.jpg
train\jh7eb7.jpg
train\jhf05m.jpg
train\ji8te0.jpg
train\jibc4f.jpg
train\jik1vp.jpg
train\jikc5n.jpg
train\jirkin.jpg
train\jisz5u.jpg
train\jiw1q0.jpg
train\jj77o2.jpg
train\jj8nl7.jpg
train\jjjjkc.jpg
train\jjl7kd.jpg
train\jjpnj8.jpg
train\jjpnkj.jpg
train\jk32hr.jpg
train\jk6c94.jpg
train\jk9pnm.jpg
train\jko637.jpg
train\jkt548.jpg
train\jkvcpt.jpg
train\jlform.jpg
train\jllqc1.jpg
train\jls4p0.jpg
train\jmgp9d.jpg
train\jmnge2.jpg
train\jn4oay.jpg
train\jng051.jpg
train\jo34e4.jpg
train\jov47k.jpg
train\joyn5j.jpg
train\jp12ix.jpg
train\jpoh5g.jpg
train\jpydrl.jpg
train\jqcuwk.jpg
train\jqimwk.jpg
train\jqyrgx.jpg
train\jr53v6.jpg
train\jr6olg.jpg
train\js3q3k.jpg
train\jstdie.jpg
train\jstem5.jpg
train\jt37rt.jpg
train\jtnype.jpg
train\ju2boj.jpg
train\jumhb4.jpg
train\jvbwe8.jpg
train\jw1dxz.jpg
train\jwg6in.jpg
train\jwnc1z.jpg
train\jx6nqk.jpg
train\jx9gvo.jpg
train\jxpfgd.jpg
train\jxr91y.jpg
train\jyadxi.jpg
train\jyaf5d.jpg
train\jyecrc.jpg
train\jylis0.jpg
train\jyvidr.jpg
train\jyxxm6.jpg
train\jz2aky.jpg
train\jz9jnc.jpg
train\jzh89e.jpg
train\k0kqf4.jpg
train\k15ckq.jpg
train\k1fd12.jpg
train\k1j65b.jpg
train\k1tffa.jpg
train\k1x0p0.jpg
train\k2f9oi.jpg
train\k2wuv0.jpg
train\k30bk4.jpg
train\k3cv1u.jpg
train\k3or2v.jpg
train\k3rllg.jpg
train\k3x2jm.jpg
train\k4261p.jpg
train\k4fg4t.jpg
train\k4z9m6.jpg
train\k57ok4.jpg
train\k5i8k2.jpg
train\k68gfn.jpg
train\k6hasl.jpg
train\k6o30p.jpg
train\k702g9.jpg
train\k7bdxq.jpg
train\k8chy0.jpg
train\k8m4xg.jpg
train\k90kew.jpg
train\k94677.jpg
train\k99slb.jpg
train\kan9f6.jpg
train\kanelc.jpg
train\kav9rp.jpg
train\kb3wse.jpg
train\kb6fce.jpg
train\kbiakn.jpg
train\kbpig7.jpg
train\kbv4rf.jpg
train\kc0fqj.jpg
train\kcal60.jpg
train\kcd9hs.jpg
train\kcdjij.jpg
train\kch73m.jpg
train\kchj9q.jpg
train\kd6fip.jpg
train\kd7khx.jpg
train\kdsq8h.jpg
train\kdxt2q.jpg
train\ke197b.jpg
train\ke5qc7.jpg
train\ke8i6h.jpg
train\keh195.jpg
train\kej21k.jpg
train\kerk61.jpg
train\keujk5.jpg
train\kexdae.jpg
train\kezh96.jpg
train\kezilx.jpg
train\kf3mh3.jpg
train\kfcseg.jpg
train\kfia6p.jpg
train\kfqjy9.jpg
train\kg9kbo.jpg
train\kgbbwr.jpg
train\kgd3ho.jpg
train\kgegj7.jpg
train\kgovqk.jpg
train\kgw9ao.jpg
train\kgyr32.jpg
train\kicwxo.jpg
train\kik9vw.jpg
train\kka1n2.jpg
train\kkdq48.jpg
train\kkk8zx.jpg
train\kkkjec.jpg
train\kkxpap.jpg
train\kl5fle.jpg
train\klsbr1.jpg
train\klxd55.jpg
train\kmvsex.jpg
train\kmyc57.jpg
train\knja7x.jpg
train\knk7eu.jpg
train\knky14.jpg
train\knoqa8.jpg
train\know6l.jpg
train\ko52ur.jpg
train\kokzw2.jpg
train\kop9wo.jpg
train\kozpc1.jpg
train\kp311m.jpg
train\kpmyfy.jpg
train\kpr7mt.jpg
train\kqcb8x.jpg
train\kqk03e.jpg
train\kqsnis.jpg
train\kr1g9u.jpg
train\krnow2.jpg
train\ks4wi8.jpg
train\ks9ar1.jpg
train\kssxre.jpg
train\kstjbx.jpg
train\kteuvq.jpg
train\kulvsc.jpg
train\kv81tz.jpg
train\kvwy5w.jpg
train\kwixkt.jpg
train\kwu3kt.jpg
train\kwuynu.jpg
train\kxiwne.jpg
train\kxleg4.jpg
train\kxm92z.jpg
train\ky4dam.jpg
train\kykkwi.jpg
train\kz1ptl.jpg
train\kz345g.jpg
train\kz5axf.jpg
train\kzgnnw.jpg
train\l0lyfp.jpg
train\l0mtmq.jpg
train\l0nnmu.jpg
train\l0wjp0.jpg
train\l0xz3s.jpg
train\l0zc0a.jpg
train\l2v5k1.jpg
train\l32vah.jpg
train\l349i8.jpg
train\l4db7k.jpg
train\l4eapd.jpg
train\l4op8i.jpg
train\l4ua7b.jpg
train\l5afqm.jpg
train\l5yf76.jpg
train\l6rh6g.jpg
train\l6tabn.jpg
train\l70jto.jpg
train\l746b4.jpg
train\l76w1a.jpg
train\l7ejek.jpg
train\l7fms7.jpg
train\l7o80b.jpg
train\l7zljw.jpg
train\l89ykz.jpg
train\l8leur.jpg
train\l8ljqy.jpg
train\l8yskk.jpg
train\l90ivd.jpg
train\l951id.jpg
train\l99o0v.jpg
train\l99qn0.jpg
train\l9wxzq.jpg
train\la7rek.jpg
train\la8igm.jpg
train\lao6ir.jpg
train\lbbph5.jpg
train\lberjn.jpg
train\lbg70c.jpg
train\lbhl8b.jpg
train\lbmiu7.jpg
train\lc1frs.jpg
train\lc6t8c.jpg
train\lcqd98.jpg
train\lcv3tf.jpg
train\ld19v4.jpg
train\ld1dk4.jpg
train\ldeaat.jpg
train\le1j4j.jpg
train\legvj6.jpg
train\lekmvi.jpg
train\lepfxi.jpg
train\ley1wh.jpg
train\lf1nfg.jpg
train\lfd28s.jpg
train\lfypnn.jpg
train\lfz1nn.jpg
train\lgqz67.jpg
train\lgtihz.jpg
train\lhc8kk.jpg
train\lhh1q2.jpg
train\lhlvz0.jpg
train\lhojpe.jpg
train\lhszcu.jpg
train\li30za.jpg
train\li3p9g.jpg
train\lilwde.jpg
train\ljee0i.jpg
train\ljwlzv.jpg
train\lk4hbi.jpg
train\lkadmu.jpg
train\lklwlp.jpg
train\lkszg5.jpg
train\lkueg8.jpg
train\lll7ke.jpg
train\llssaz.jpg
train\lltrjr.jpg
train\llyfv9.jpg
train\lmamm0.jpg
train\ln7q3d.jpg
train\ln8hpq.jpg
train\lnd40g.jpg
train\lnzry3.jpg
train\lo8p7a.jpg
train\lohlq7.jpg
train\lor0kr.jpg
train\lot0lh.jpg
train\lotlz6.jpg
train\lpbmcl.jpg
train\lpf2ce.jpg
train\lpuwvq.jpg
train\lq8eon.jpg
train\lq913a.jpg
train\lra4fw.jpg
train\lrq7s3.jpg
train\lrud0n.jpg
train\lso0qe.jpg
train\lsu6ab.jpg
train\lu46of.jpg
train\lu7ynn.jpg
train\luaag2.jpg
train\luuqt4.jpg
train\luzrhc.jpg
train\lv6kxk.jpg
train\lv78g8.jpg
train\lvo1ct.jpg
train\lvx56r.jpg
train\lwmmjt.jpg
train\lwo2eg.jpg
train\ly0p05.jpg
train\lyar4r.jpg
train\lyfvqo.jpg
train\lyy2a9.jpg
train\lyzp3r.jpg
train\lzn82r.jpg
train\lzp0tt.jpg
train\m0q8mr.jpg
train\m11ml4.jpg
train\m17tj0.jpg
train\m1k2x8.jpg
train\m23fdz.jpg
train\m24he7.jpg
train\m2a8nw.jpg
train\m3b2f8.jpg
train\m3trfn.jpg
train\m3u2yz.jpg
train\m4z570.jpg
train\m53r9a.jpg
train\m5fd1r.jpg
train\m5jctj.jpg
train\m5l8p1.jpg
train\m5nxhl.jpg
train\m6eu26.jpg
train\m6jl65.jpg
train\m6w4zy.jpg
train\m748gu.jpg
train\m7q163.jpg
train\m7t9qy.jpg
train\m80fq2.jpg
train\m820c9.jpg
train\m84dg8.jpg
train\m89v05.jpg
train\m8keg6.jpg
train\m8n6p7.jpg
train\m8onh1.jpg
train\m95dai.jpg
train\m9i79a.jpg
train\ma30j3.jpg
train\maj5yj.jpg
train\mat95x.jpg
train\mbahk2.jpg
train\mbdlka.jpg
train\mbfp9s.jpg
train\mbij5m.jpg
train\mc8q8a.jpg
train\mcco9e.jpg
train\mcfffm.jpg
train\mcj9m3.jpg
train\mcvwki.jpg
train\mdfatf.jpg
train\mdktzf.jpg
train\me0idp.jpg
train\meepwx.jpg
train\mejk4l.jpg
train\mer6lb.jpg
train\mex70x.jpg
train\mfuu50.jpg
train\mg0gmg.jpg
train\mgbbha.jpg
train\mgjxyt.jpg
train\mgkusl.jpg
train\mgkyj3.jpg
train\mgruqf.jpg
train\mgy7v4.jpg
train\mgywp6.jpg
train\mh38hx.jpg
train\mhmgqe.jpg
train\mhsvvv.jpg
train\mhxypc.jpg
train\mja3kk.jpg
train\mjnu5i.jpg
train\mjnv5m.jpg
train\mjur5x.jpg
train\mjwj4n.jpg
train\mkknty.jpg
train\mkquio.jpg
train\mks9so.jpg
train\mktbrm.jpg
train\mkxia1.jpg
train\ml2a57.jpg
train\ml68o4.jpg
train\ml96v3.jpg
train\mlyae6.jpg
train\mm3o2m.jpg
train\mm8evr.jpg
train\mmcezb.jpg
train\mmny9v.jpg
train\mmqkwa.jpg
train\mmul07.jpg
train\mmw3kn.jpg
train\mn734i.jpg
train\mnm7xy.jpg
train\mnolpd.jpg
train\mnpqrj.jpg
train\mo7mob.jpg
train\moo8sv.jpg
train\mormlg.jpg
train\morqij.jpg
train\mp2m8m.jpg
train\mpmcb8.jpg
train\mqgd78.jpg
train\mrogya.jpg
train\mry1qo.jpg
train\mry70l.jpg
train\ms49k5.jpg
train\ms4hnx.jpg
train\msy2ss.jpg
train\mt1760.jpg
train\mtbsd6.jpg
train\mtmyvd.jpg
train\mto2w1.jpg
train\muh30p.jpg
train\muqjiv.jpg
train\muuk4r.jpg
train\mv4g7m.jpg
train\mvu9eq.jpg
train\mvvko6.jpg
train\mvy3yq.jpg
train\mwcqyz.jpg
train\mwd0ga.jpg
train\mwfwoa.jpg
train\mwtr04.jpg
train\mwxl3o.jpg
train\mwxvf1.jpg
train\mx9cu8.jpg
train\mxav50.jpg
train\mxbxb7.jpg
train\mxivqa.jpg
train\mxt96h.jpg
train\mz0jyl.jpg
train\mzgrns.jpg
train\mzqve5.jpg
train\n044y6.jpg
train\n04v5n.jpg
train\n0bto8.jpg
train\n0q503.jpg
train\n0tigm.jpg
train\n0vcx1.jpg
train\n15gzn.jpg
train\n1ataq.jpg
train\n1e0ne.jpg
train\n1sqxp.jpg
train\n1u4uh.jpg
train\n1wh74.jpg
train\n228a6.jpg
train\n2j007.jpg
train\n2vgo9.jpg
train\n31rta.jpg
train\n37u36.jpg
train\n3jkct.jpg
train\n3wg2g.jpg
train\n40lff.jpg
train\n41bgo.jpg
train\n58uwa.jpg
train\n5cf21.jpg
train\n60bk5.jpg
train\n705xf.jpg
train\n722dy.jpg
train\n764j2.jpg
train\n7jft2.jpg
train\n7nm4v.jpg
train\n7ob1y.jpg
train\n7t6ib.jpg
train\n8a0id.jpg
train\n8k875.jpg
train\n92f4u.jpg
train\na565f.jpg
train\nalidk.jpg
train\nb61pd.jpg
train\nb745a.jpg
train\nd3gds.jpg
train\ndcedy.jpg
train\ndh88c.jpg
train\ndjeeg.jpg
train\ndogz5.jpg
train\ndq4ba.jpg
train\ndz9ux.jpg
train\nene62.jpg
train\nepkej.jpg
train\nex1zv.jpg
train\nfhadp.jpg
train\ng8h5b.jpg
train\ng9gvj.jpg
train\ngkx2x.jpg
train\ngmsmj.jpg
train\nh6b8a.jpg
train\nhkjs8.jpg
train\nhz44j.jpg
train\ni5cjf.jpg
train\njccmq.jpg
train\njkxhi.jpg
train\njqxps.jpg
train\njvqho.jpg
train\njvuew.jpg
train\nkadpv.jpg
train\nkx0as.jpg
train\nluknd.jpg
train\nn6ekv.jpg
train\nnbptf.jpg
train\nnch5y.jpg
train\nncvlz.jpg
train\nnpwcr.jpg
train\nnztb6.jpg
train\no2mx3.jpg
train\nohy0u.jpg
train\nous0s.jpg
train\np37k7.jpg
train\np6iqc.jpg
train\npae7y.jpg
train\nph7w2.jpg
train\npigty.jpg
train\nqexl4.jpg
train\nquemu.jpg
train\nr8s0t.jpg
train\ns3w84.jpg
train\nsl52t.jpg
train\nsxrdw.jpg
train\nt3ucf.jpg
train\nthzrp.jpg
train\nu5joy.jpg
train\nu7wmm.jpg
train\nu8uza.jpg
train\numrim.jpg
train\nupyyf.jpg
train\nustdy.jpg
train\nut3om.jpg
train\nux9yi.jpg
train\nuxn9u.jpg
train\nva2ic.jpg
train\nvfmij.jpg
train\nvk29c.jpg
train\nw3eym.jpg
train\nw6y1a.jpg
train\nw7nau.jpg
train\nwglxd.jpg
train\nwk9py.jpg
train\nxckwv.jpg
train\nxkiat.jpg
train\nxm81r.jpg
train\nyedqa.jpg
train\nyj22n.jpg
train\nymre8.jpg
train\nywhe8.jpg
train\nywmzq.jpg
train\nz2ewj.jpg
train\nz5ycx.jpg
train\nzyl10.jpg
train\o0jv9o.jpg
train\o0kzw4.jpg
train\o0xm7f.jpg
train\o1345q.jpg
train\o1508q.jpg
train\o1nem1.jpg
train\o1srs8.jpg
train\o1zly8.jpg
train\o2bhaz.jpg
train\o2l1hx.jpg
train\o2qbwc.jpg
train\o2wsum.jpg
train\o30wxz.jpg
train\o31nsm.jpg
train\o343bz.jpg
train\o36w8m.jpg
train\o3cagd.jpg
train\o3f6bx.jpg
train\o46o40.jpg
train\o48ytc.jpg
train\o4f8x9.jpg
train\o4hkkr.jpg
train\o4j9bh.jpg
train\o56pq1.jpg
train\o58819.jpg
train\o5o7hm.jpg
train\o5x4ss.jpg
train\o65cii.jpg
train\o66pb2.jpg
train\o79epp.jpg
train\o7ulsa.jpg
train\o7ulw5.jpg
train\o7uqkr.jpg
train\o7z3y7.jpg
train\o801h0.jpg
train\o89h7s.jpg
train\o8hr7y.jpg
train\o8mwvo.jpg
train\o8mydl.jpg
train\o8xvab.jpg
train\o9q6rx.jpg
train\oa6s97.jpg
train\oaaxob.jpg
train\oabzxd.jpg
train\oag79q.jpg
train\oani89.jpg
train\ob1y2x.jpg
train\ob21vt.jpg
train\ob3yx9.jpg
train\obevyk.jpg
train\obfa7d.jpg
train\obyekx.jpg
train\obyfyg.jpg
train\oc0rma.jpg
train\ocmy6r.jpg
train\ocwltp.jpg
train\odqg8r.jpg
train\odz928.jpg
train\oemxa4.jpg
train\oetw8i.jpg
train\of1ki9.jpg
train\of2v92.jpg
train\ofegbt.jpg
train\og0ij5.jpg
train\og8sz4.jpg
train\oghxsh.jpg
train\ogja1x.jpg
train\oh72rr.jpg
train\ohg23q.jpg
train\ohi59o.jpg
train\ohiu4j.jpg
train\ohu1vx.jpg
train\ohumq0.jpg
train\ohy4bf.jpg
train\ohyxg8.jpg
train\oj72h0.jpg
train\oj74nv.jpg
train\ok3dka.jpg
train\ok4ddn.jpg
train\okxztf.jpg
train\ol6bsi.jpg
train\olsclo.jpg
train\omk8gr.jpg
train\on0575.jpg
train\on204j.jpg
train\onc53d.jpg
train\onctf9.jpg
train\ong3u0.jpg
train\onyq2h.jpg
train\onzc4k.jpg
train\ookbgd.jpg
train\oolapd.jpg
train\oou5up.jpg
train\op2u8f.jpg
train\opammq.jpg
train\opb8dj.jpg
train\opbeax.jpg
train\opewyx.jpg
train\opyu8f.jpg
train\oqisx8.jpg
train\oqow4c.jpg
train\os4gp2.jpg
train\osjvxg.jpg
train\oskl7f.jpg
train\osx8h8.jpg
train\otixar.jpg
train\otqymg.jpg
train\otwztq.jpg
train\oty1q8.jpg
train\ouov1r.jpg
train\ouxhrc.jpg
train\ov70a0.jpg
train\ov7pvs.jpg
train\ovosd1.jpg
train\ovpl0r.jpg
train\ovqh9m.jpg
train\owhecb.jpg
train\ownd6t.jpg
train\owq8cn.jpg
train\owsc78.jpg
train\ox0yiz.jpg
train\ox6gue.jpg
train\oxdw1n.jpg
train\oxn1ui.jpg
train\oxp4g7.jpg
train\oxw1ko.jpg
train\oy09tw.jpg
train\oy9zsg.jpg
train\oyi6ji.jpg
train\oyiy5b.jpg
train\oyl7r3.jpg
train\oyr468.jpg
train\oywcn1.jpg
train\oza4lj.jpg
train\p0twyz.jpg
train\p0vlh8.jpg
train\p1uk7c.jpg
train\p2bphv.jpg
train\p2lvx4.jpg
train\p346c6.jpg
train\p35zbl.jpg
train\p38fhi.jpg
train\p3juui.jpg
train\p3ogr3.jpg
train\p3u72i.jpg
train\p3zk5a.jpg
train\p45qd6.jpg
train\p46in3.jpg
train\p4fhwm.jpg
train\p4rahw.jpg
train\p4sr2u.jpg
train\p4zi7h.jpg
train\p571ek.jpg
train\p5ln23.jpg
train\p5n7gd.jpg
train\p5p4a1.jpg
train\p624t2.jpg
train\p6v3zu.jpg
train\p6xb9x.jpg
train\p6xgjy.jpg
train\p74uqr.jpg
train\p7oep2.jpg
train\p83j6k.jpg
train\p8b3lm.jpg
train\p8cdm1.jpg
train\p8g1qk.jpg
train\p8hgrm.jpg
train\p8t2t1.jpg
train\p982lw.jpg
train\p9w9dp.jpg
train\pa5702.jpg
train\pa5taf.jpg
train\pa75xq.jpg
train\paifbn.jpg
train\pboqzl.jpg
train\pbueiu.jpg
train\pbzc1y.jpg
train\pcdf9f.jpg
train\pcfzp4.jpg
train\pci4oj.jpg
train\pd2liy.jpg
train\pdh2bg.jpg
train\pdk97y.jpg
train\pdnn6o.jpg
train\pdrrsd.jpg
train\pe9a1w.jpg
train\pet7zm.jpg
train\pf7aqf.jpg
train\pgcuhe.jpg
train\pguzsc.jpg
train\ph2zhb.jpg
train\ph3js0.jpg
train\phbkrw.jpg
train\phvaaw.jpg
train\pi1k7r.jpg
train\pi5k0w.jpg
train\pife5u.jpg
train\pionwo.jpg
train\pix8tl.jpg
train\pjotrz.jpg
train\pjqlhm.jpg
train\pku6ad.jpg
train\pllytw.jpg
train\plnf7f.jpg
train\pltgqe.jpg
train\pm0yhj.jpg
train\pm6z1q.jpg
train\pmm0d2.jpg
train\pmqdiy.jpg
train\pnayio.jpg
train\pnnhd9.jpg
train\pno3m1.jpg
train\po11lh.jpg
train\pomifm.jpg
train\posxbw.jpg
train\pp30bu.jpg
train\ppdlks.jpg
train\ppec1i.jpg
train\ppoyu5.jpg
train\pq4331.jpg
train\pqag0r.jpg
train\pqwrxk.jpg
train\pqya5z.jpg
train\pr640m.jpg
train\pr66mq.jpg
train\prk5ft.jpg
train\prwl54.jpg
train\prxi0r.jpg
train\ps3o3r.jpg
train\ps3tq4.jpg
train\ps5071.jpg
train\pt92u9.jpg
train\ptiblk.jpg
train\ptr33x.jpg
train\pu3gos.jpg
train\pufeca.jpg
train\puisap.jpg
train\pul05e.jpg
train\pvb1yh.jpg
train\pvm65g.jpg
train\pvottu.jpg
train\pwis1w.jpg
train\pwmavb.jpg
train\px5sah.jpg
train\pxb07i.jpg
train\pxivt4.jpg
train\pxrbz6.jpg
train\pxsddz.jpg
train\py8rv7.jpg
train\pyhd89.jpg
train\pz7po2.jpg
train\pzer6b.jpg
train\q04nqz.jpg
train\q0tany.jpg
train\q0x5x5.jpg
train\q0yg1j.jpg
train\q1dg83.jpg
train\q1klx6.jpg
train\q1o13g.jpg
train\q1unil.jpg
train\q2257v.jpg
train\q27xsf.jpg
train\q2he79.jpg
train\q2hx0m.jpg
train\q2ynmb.jpg
train\q3ik9j.jpg
train\q3nugw.jpg
train\q3qhgu.jpg
train\q4czpg.jpg
train\q4e9fp.jpg
train\q4el5r.jpg
train\q4g1s3.jpg
train\q4l5h0.jpg
train\q4x5j0.jpg
train\q5dh2e.jpg
train\q5z2n0.jpg
train\q6heuu.jpg
train\q6s7rd.jpg
train\q72qgn.jpg
train\q7izrp.jpg
train\q7tq7t.jpg
train\q7xwsv.jpg
train\q8br2a.jpg
train\q8osm8.jpg
train\q8qsu7.jpg
train\q9oeci.jpg
train\qahg6b.jpg
train\qattsx.jpg
train\qaw8yw.jpg
train\qazoya.jpg
train\qb6cjs.jpg
train\qbja2a.jpg
train\qbklp0.jpg
train\qbp37w.jpg
train\qc24xl.jpg
train\qc6hgv.jpg
train\qcd0pi.jpg
train\qcvuth.jpg
train\qdsnj1.jpg
train\qdvgk3.jpg
train\qe20dk.jpg
train\qe7wpb.jpg
train\qetf8e.jpg
train\qfg9gs.jpg
train\qfjof0.jpg
train\qfnqdh.jpg
train\qg00qe.jpg
train\qg0f1a.jpg
train\qhrh8h.jpg
train\qhwjnl.jpg
train\qi8uhd.jpg
train\qibfxo.jpg
train\qiv4ht.jpg
train\qk1mrp.jpg
train\qk2ek0.jpg
train\qkel8s.jpg
train\qkwhmv.jpg
train\qldnyk.jpg
train\qlokds.jpg
train\qmn49q.jpg
train\qmvw1j.jpg
train\qo6ljp.jpg
train\qoi73t.jpg
train\qoj6gt.jpg
train\qoodju.jpg
train\qovv2t.jpg
train\qp5kic.jpg
train\qpdr9d.jpg
train\qpn3iv.jpg
train\qpniuy.jpg
train\qpsled.jpg
train\qpwjg4.jpg
train\qqgq19.jpg
train\qqpamo.jpg
train\qqrm95.jpg
train\qs0xm3.jpg
train\qs1evc.jpg
train\qs69ee.jpg
train\qsdp6k.jpg
train\qsh4f3.jpg
train\qsuic5.jpg
train\qswiim.jpg
train\qt4xzm.jpg
train\qt63ww.jpg
train\qtkatx.jpg
train\qtpv32.jpg
train\quhi9n.jpg
train\qujnw0.jpg
train\qv0t7w.jpg
train\qvhmed.jpg
train\qvm0rq.jpg
train\qvqi8j.jpg
train\qvs4z9.jpg
train\qvu4k2.jpg
train\qvxxjm.jpg
train\qwkyds.jpg
train\qwl28e.jpg
train\qwpjoe.jpg
train\qxh0hk.jpg
train\qxl7rz.jpg
train\qy6tx2.jpg
train\qy6ueu.jpg
train\qy7mt9.jpg
train\qycmkm.jpg
train\qyg63n.jpg
train\qyk5rv.jpg
train\qzamp6.jpg
train\qzt0ci.jpg
train\qztehy.jpg
train\r0r9z7.jpg
train\r0vnot.jpg
train\r11l50.jpg
train\r1bvkt.jpg
train\r1dwjr.jpg
train\r1gltt.jpg
train\r1qq4h.jpg
train\r1wnqf.jpg
train\r25c65.jpg
train\r36pzw.jpg
train\r3famb.jpg
train\r3vg3h.jpg
train\r40evs.jpg
train\r46qh1.jpg
train\r4atez.jpg
train\r4h6ud.jpg
train\r4le9i.jpg
train\r5degw.jpg
train\r65iww.jpg
train\r6e4zt.jpg
train\r6jzl8.jpg
train\r6vx4r.jpg
train\r6zf1w.jpg
train\r75l74.jpg
train\r7c25e.jpg
train\r7e2j4.jpg
train\r7kz07.jpg
train\r7wduy.jpg
train\r88q6g.jpg
train\r8eyne.jpg
train\r8gcn2.jpg
train\r8hzf8.jpg
train\r8s0a6.jpg
train\r95uuu.jpg
train\r99uyc.jpg
train\r9ov0c.jpg
train\r9v990.jpg
train\rbfkhy.jpg
train\rck10s.jpg
train\rck229.jpg
train\rd4nd0.jpg
train\rdcds2.jpg
train\rdcq2f.jpg
train\rdkr2l.jpg
train\rdr8ze.jpg
train\rdue5k.jpg
train\rerwtn.jpg
train\rf88y4.jpg
train\rff5k3.jpg
train\rfjec8.jpg
train\rfz5y4.jpg
train\rg70b1.jpg
train\rgeo00.jpg
train\rghud1.jpg
train\rh24q2.jpg
train\rh2b5v.jpg
train\rh75yd.jpg
train\rhedlr.jpg
train\rhhk7d.jpg
train\rhrepw.jpg
train\rired6.jpg
train\riv54a.jpg
train\riwd98.jpg
train\rj0rpq.jpg
train\rj3a3p.jpg
train\rjh61y.jpg
train\rjrz9j.jpg
train\rjs1sp.jpg
train\rjz343.jpg
train\rk7v9j.jpg
train\rk8abj.jpg
train\rkjsih.jpg
train\rkk91c.jpg
train\rkvpjw.jpg
train\rkxw0f.jpg
train\rl0h8c.jpg
train\rlleub.jpg
train\rm1wgh.jpg
train\rm2kga.jpg
train\rm9vld.jpg
train\rmo1hn.jpg
train\rmpt9e.jpg
train\rmwqdc.jpg
train\rnc4cr.jpg
train\robzaw.jpg
train\rovz0e.jpg
train\rp2hx6.jpg
train\rpe2x4.jpg
train\rph4qu.jpg
train\rph8uo.jpg
train\rpi4va.jpg
train\rpokbb.jpg
train\rpoo7q.jpg
train\rpw8on.jpg
train\rq6lxm.jpg
train\rqkau3.jpg
train\rqkejh.jpg
train\rrawe7.jpg
train\rrb7ru.jpg
train\rrbs8u.jpg
train\rremm4.jpg
train\rrt19p.jpg
train\rsp6n7.jpg
train\rsuc6e.jpg
train\rsz8u5.jpg
train\rt0ve7.jpg
train\rt66b4.jpg
train\rt69me.jpg
train\rtj060.jpg
train\rtpav4.jpg
train\rtt4pk.jpg
train\ru0sl7.jpg
train\ru4er4.jpg
train\ruz1ez.jpg
train\rvwxbf.jpg
train\rw0ias.jpg
train\rw9m0c.jpg
train\rwdu7v.jpg
train\rwt38o.jpg
train\rx0834.jpg
train\rxjuqb.jpg
train\rxtjyx.jpg
train\rxyylg.jpg
train\ryjgte.jpg
train\rymi9p.jpg
train\ryz1ks.jpg
train\rz3x2c.jpg
train\rz50rn.jpg
train\rzdst5.jpg
train\rzjgyy.jpg
train\rzlej0.jpg
train\rzwcp1.jpg
train\rzwwbu.jpg
train\s00hjr.jpg
train\s02r84.jpg
train\s0ltmv.jpg
train\s0wcoq.jpg
train\s189lz.jpg
train\s1lm3i.jpg
train\s1oiy6.jpg
train\s1ruue.jpg
train\s2iy0n.jpg
train\s34y08.jpg
train\s3aw39.jpg
train\s3bdy6.jpg
train\s3k3xy.jpg
train\s3ngcp.jpg
train\s3t77k.jpg
train\s3waiw.jpg
train\s442pp.jpg
train\s4gmsi.jpg
train\s4pw00.jpg
train\s55y8u.jpg
train\s58hn5.jpg
train\s5oqmo.jpg
train\s5rq58.jpg
train\s5xk6l.jpg
train\s644hm.jpg
train\s6chsu.jpg
train\s6ge0j.jpg
train\s6qgjc.jpg
train\s6rr88.jpg
train\s6shx8.jpg
train\s6v0d4.jpg
train\s7xdem.jpg
train\s8hqj1.jpg
train\sabp9v.jpg
train\sajgfh.jpg
train\sb59gy.jpg
train\sblcdr.jpg
train\sbo0me.jpg
train\sbz2ux.jpg
train\sccf2o.jpg
train\scwvs0.jpg
train\scxzje.jpg
train\se0yeg.jpg
train\se44f1.jpg
train\se72k1.jpg
train\seamqn.jpg
train\sebpmy.jpg
train\sewonc.jpg
train\sf172m.jpg
train\sf46u7.jpg
train\sf95ir.jpg
train\sfdgq3.jpg
train\sfkfcs.jpg
train\sfr1ie.jpg
train\sg0ey9.jpg
train\sg89j0.jpg
train\sg8hwh.jpg
train\sgcf8i.jpg
train\sgotnl.jpg
train\sj0bdq.jpg
train\sj5mtz.jpg
train\sjd78u.jpg
train\sjluhv.jpg
train\sjy1ph.jpg
train\sk07ue.jpg
train\sk98sc.jpg
train\sl9dhy.jpg
train\slmuor.jpg
train\slqbnd.jpg
train\slrtk7.jpg
train\sm51kh.jpg
train\smnsqt.jpg
train\smpcp8.jpg
train\snoxso.jpg
train\souf92.jpg
train\sp0zel.jpg
train\sp3l7v.jpg
train\sp7ajm.jpg
train\spqid4.jpg
train\spr1fa.jpg
train\sq0wb8.jpg
train\sqa8fs.jpg
train\sqdyp3.jpg
train\sqhfpv.jpg
train\ssn23o.jpg
train\sssql4.jpg
train\sst6ux.jpg
train\stmohb.jpg
train\stnz9i.jpg
train\su1vob.jpg
train\su8rbx.jpg
train\suahcf.jpg
train\suqqga.jpg
train\susolk.jpg
train\susvwc.jpg
train\svthtp.jpg
train\svwh0d.jpg
train\sw8byg.jpg
train\swc8ob.jpg
train\swesps.jpg
train\swgzia.jpg
train\sx0f15.jpg
train\sx8sh7.jpg
train\sy6e7x.jpg
train\syt8pu.jpg
train\sz429s.jpg
train\sz64pn.jpg
train\sz8km9.jpg
train\szeng3.jpg
train\t0bbdy.jpg
train\t0dog1.jpg
train\t0f69w.jpg
train\t0oon3.jpg
train\t134f4.jpg
train\t1arm4.jpg
train\t1oonj.jpg
train\t1ozek.jpg
train\t1r1kq.jpg
train\t252vm.jpg
train\t2aywt.jpg
train\t2nb17.jpg
train\t2rvsa.jpg
train\t39wru.jpg
train\t3fjnn.jpg
train\t3n9d2.jpg
train\t3xubf.jpg
train\t4g6m7.jpg
train\t4m1fa.jpg
train\t4o8pu.jpg
train\t4upch.jpg
train\t52hy0.jpg
train\t5a3bl.jpg
train\t5dzvj.jpg
train\t5mnio.jpg
train\t5pmgq.jpg
train\t5qax1.jpg
train\t5r684.jpg
train\t5urgu.jpg
train\t6474e.jpg
train\t6dgrp.jpg
train\t6vtgn.jpg
train\t6zhsn.jpg
train\t7pcyc.jpg
train\t8awf1.jpg
train\t8f6yq.jpg
train\t8x34u.jpg
train\t8zszx.jpg
train\t9nvq3.jpg
train\taiozz.jpg
train\tar2sq.jpg
train\tb6emb.jpg
train\tbvvml.jpg
train\tbxx1n.jpg
train\tccnln.jpg
train\tcr1la.jpg
train\tcwizd.jpg
train\tcxi7j.jpg
train\td41ma.jpg
train\tdkjoa.jpg
train\tedyt8.jpg
train\tf9ajs.jpg
train\tfofxk.jpg
train\tg7p1x.jpg
train\tgcod8.jpg
train\tgnsga.jpg
train\thimxy.jpg
train\thjkln.jpg
train\thoo2a.jpg
train\thrv5n.jpg
train\ti2afk.jpg
train\ti4776.jpg
train\tioqcd.jpg
train\tj1x06.jpg
train\tjco0u.jpg
train\tjpfaw.jpg
train\tjz830.jpg
train\tjzhe9.jpg
train\tk6wf2.jpg
train\tk7jxw.jpg
train\tkik6z.jpg
train\tkjo87.jpg
train\tklbvc.jpg
train\tkre39.jpg
train\tl1iat.jpg
train\tl3xrw.jpg
train\tljc4t.jpg
train\tmhguk.jpg
train\tmm10m.jpg
train\tmrkvv.jpg
train\tn7966.jpg
train\tnprlv.jpg
train\tojeid.jpg
train\topd8i.jpg
train\tq629y.jpg
train\tqc2df.jpg
train\tqfrod.jpg
train\tqw5kn.jpg
train\tr25os.jpg
train\treiw0.jpg
train\ts1th6.jpg
train\ts1tk8.jpg
train\ts97by.jpg
train\tshgb1.jpg
train\tsl7bd.jpg
train\tsuyrk.jpg
train\tt12b1.jpg
train\tt3j83.jpg
train\tt52t6.jpg
train\tt5khn.jpg
train\tuei0m.jpg
train\tunwkf.jpg
train\tuoys2.jpg
train\turo2l.jpg
train\tv0eau.jpg
train\tvq3bw.jpg
train\tvzrff.jpg
train\tw3xq1.jpg
train\twgjue.jpg
train\txau4r.jpg
train\txf1mh.jpg
train\txshvr.jpg
train\txxreu.jpg
train\tyw2rm.jpg
train\tz28pd.jpg
train\tzbpdw.jpg
train\tzgp15.jpg
train\tzhr8f.jpg
train\tziuj8.jpg
train\u01kzq.jpg
train\u07hgs.jpg
train\u0e1s7.jpg
train\u0uiw6.jpg
train\u109h0.jpg
train\u1os5m.jpg
train\u2aviq.jpg
train\u33td1.jpg
train\u35jq8.jpg
train\u3cy0o.jpg
train\u3fvs6.jpg
train\u42mf6.jpg
train\u4gspt.jpg
train\u4hcpd.jpg
train\u57jss.jpg
train\u5ie55.jpg
train\u6pu0e.jpg
train\u6sv29.jpg
train\u7fuzh.jpg
train\u90ra2.jpg
train\u97zde.jpg
train\u98uno.jpg
train\u9k008.jpg
train\ua5azp.jpg
train\ua8543.jpg
train\ua87ko.jpg
train\ua8rs6.jpg
train\uaiuyk.jpg
train\uavvov.jpg
train\ubqfj1.jpg
train\ubud8d.jpg
train\ud12ui.jpg
train\udzjtt.jpg
train\ue4twg.jpg
train\ueaivb.jpg
train\uexpez.jpg
train\uf4eqa.jpg
train\uf6h88.jpg
train\ufcace.jpg
train\ufg3k4.jpg
train\ufglxq.jpg
train\ufxvv9.jpg
train\ug3jqa.jpg
train\ug4wwt.jpg
train\ugf4gq.jpg
train\ugi0mt.jpg
train\ugzwii.jpg
train\uh0pwv.jpg
train\uhg7xg.jpg
train\uhht2s.jpg
train\uhqvey.jpg
train\uie2br.jpg
train\uied1p.jpg
train\uj8i6c.jpg
train\uj9xjg.jpg
train\ujsc72.jpg
train\ujtpa4.jpg
train\uk1gqs.jpg
train\ukjyaw.jpg
train\ul5uhq.jpg
train\uleegb.jpg
train\ulm5cw.jpg
train\umb0si.jpg
train\umgv5g.jpg
train\umk7ic.jpg
train\un3omp.jpg
train\une4gy.jpg
train\ung7c3.jpg
train\ungzpo.jpg
train\unkfb0.jpg
train\unmoyj.jpg
train\unt5zf.jpg
train\uob1da.jpg
train\uoo6kt.jpg
train\uoqedk.jpg
train\uor0sm.jpg
train\upblhd.jpg
train\upct6x.jpg
train\upflic.jpg
train\upqrty.jpg
train\uqyq4y.jpg
train\ur50d7.jpg
train\urkksw.jpg
train\urmyw6.jpg
train\urxuyp.jpg
train\us5abs.jpg
train\us5zj8.jpg
train\usn8h9.jpg
train\usvpth.jpg
train\ut05g5.jpg
train\ut3ojs.jpg
train\ut9otk.jpg
train\utribh.jpg
train\uubpy3.jpg
train\uvf9mq.jpg
train\uw8jaq.jpg
train\uwbkay.jpg
train\uwxaxx.jpg
train\uxfwl3.jpg
train\uxl04w.jpg
train\uxr2zd.jpg
train\uxv32o.jpg
train\uyg4bs.jpg
train\uyn0yp.jpg
train\uyn41t.jpg
train\uyv9fb.jpg
train\uz3ute.jpg
train\uz8iqs.jpg
train\uz8vpn.jpg
train\uzhy59.jpg
train\uzxt6h.jpg
train\v0qo3e.jpg
train\v0y3lj.jpg
train\v1okb9.jpg
train\v2fsne.jpg
train\v3w4us.jpg
train\v3wg7q.jpg
train\v44udr.jpg
train\v4ellj.jpg
train\v4f1yg.jpg
train\v4rd87.jpg
train\v4rwdl.jpg
train\v5453m.jpg
train\v5c2r8.jpg
train\v5hi5e.jpg
train\v5hzuc.jpg
train\v5wl4n.jpg
train\v6mexc.jpg
train\v70nvs.jpg
train\v7c3og.jpg
train\v7jb7p.jpg
train\v85wyd.jpg
train\v8qtsk.jpg
train\v8y1v6.jpg
train\v96udo.jpg
train\v9evlk.jpg
train\v9fnft.jpg
train\v9ze2q.jpg
train\vasme9.jpg
train\vbi5vh.jpg
train\vbq3w2.jpg
train\vbvgl0.jpg
train\vc3jpc.jpg
train\vc8rzd.jpg
train\vcalop.jpg
train\vctpq4.jpg
train\vd7urd.jpg
train\vdjwq8.jpg
train\vf9l0x.jpg
train\vfdaug.jpg
train\vfljow.jpg
train\vg2ghy.jpg
train\vg3gf1.jpg
train\vgia4n.jpg
train\vgjnjg.jpg
train\vgocao.jpg
train\vgpsch.jpg
train\vhgf0s.jpg
train\vi3xf6.jpg
train\viv43m.jpg
train\vjboz1.jpg
train\vk6x22.jpg
train\vkf4rt.jpg
train\vkg965.jpg
train\vky34p.jpg
train\vlcfwi.jpg
train\vlewas.jpg
train\vlti5d.jpg
train\vlvitx.jpg
train\vmb25q.jpg
train\vmgb3v.jpg
train\vml7sw.jpg
train\vn00re.jpg
train\vnd5n5.jpg
train\vnhbwb.jpg
train\vnlp8t.jpg
train\vnwdsz.jpg
train\vnwxs5.jpg
train\vo0c3m.jpg
train\vp5zwr.jpg
train\vp7fxu.jpg
train\vpmim8.jpg
train\vpvwcv.jpg
train\vq0k3r.jpg
train\vq1v5m.jpg
train\vq96ba.jpg
train\vqhpk5.jpg
train\vqih6y.jpg
train\vqrbrp.jpg
train\vrc52i.jpg
train\vrzcpc.jpg
train\vs0nfu.jpg
train\vs2xna.jpg
train\vt0n4p.jpg
train\vt92ep.jpg
train\vtk8zm.jpg
train\vts83l.jpg
train\vttgn3.jpg
train\vus3uk.jpg
train\vviwtx.jpg
train\vvr8od.jpg
train\vvyf69.jpg
train\vw34ya.jpg
train\vwrsky.jpg
train\vwu89o.jpg
train\vwz0aj.jpg
train\vx80ng.jpg
train\vypo1n.jpg
train\vyu4s1.jpg
train\vzk5vm.jpg
train\w0neux.jpg
train\w0qh8h.jpg
train\w1gfy0.jpg
train\w2fhh8.jpg
train\w35myi.jpg
train\w3n6ox.jpg
train\w3s9l5.jpg
train\w3wsz2.jpg
train\w42e05.jpg
train\w4cgat.jpg
train\w5vbf1.jpg
train\w685il.jpg
train\w6h2g0.jpg
train\w6sbjn.jpg
train\w6y0db.jpg
train\w6yn02.jpg
train\w70njk.jpg
train\w72nt4.jpg
train\w75c67.jpg
train\w75i07.jpg
train\w79vgp.jpg
train\w8ciua.jpg
train\w8crj3.jpg
train\w8e2dj.jpg
train\w93sls.jpg
train\w94uhz.jpg
train\w9i2te.jpg
train\w9jrld.jpg
train\w9trff.jpg
train\waa5bk.jpg
train\waiib6.jpg
train\wb3enw.jpg
train\wb88ci.jpg
train\wbmupm.jpg
train\wc0l6g.jpg
train\wcswnx.jpg
train\wcuykv.jpg
train\wcyzmw.jpg
train\wd2tj9.jpg
train\wdarkr.jpg
train\wdbc4w.jpg
train\wdeka9.jpg
train\wdq8pq.jpg
train\we0z4w.jpg
train\we5nwp.jpg
train\we7gfa.jpg
train\wed9f5.jpg
train\weh2j9.jpg
train\wehcmh.jpg
train\wen60k.jpg
train\wf0cn5.jpg
train\wf98zo.jpg
train\wfz75c.jpg
train\wgio42.jpg
train\wgnpok.jpg
train\wgqime.jpg
train\wh6oyw.jpg
train\wi6m5s.jpg
train\widouk.jpg
train\wil2hv.jpg
train\wiqd9z.jpg
train\wirnf2.jpg
train\wiww5c.jpg
train\wiytaw.jpg
train\wj8cbi.jpg
train\wjgb4n.jpg
train\wjgp0g.jpg
train\wjlt7p.jpg
train\wjsu4p.jpg
train\wk453g.jpg
train\wk46zj.jpg
train\wkjxto.jpg
train\wko2d9.jpg
train\wkth2c.jpg
train\wkvg39.jpg
train\wl2p2t.jpg
train\wlbsvr.jpg
train\wll993.jpg
train\wlutxj.jpg
train\wm4kpo.jpg
train\wmn14x.jpg
train\wms8hm.jpg
train\wmzhz9.jpg
train\wn09k1.jpg
train\wnlnwj.jpg
train\wnn2ju.jpg
train\wnugta.jpg
train\wo3ub2.jpg
train\wofdp0.jpg
train\wojmoc.jpg
train\wojr93.jpg
train\wom3zu.jpg
train\woz1wb.jpg
train\wp6ymk.jpg
train\wpi927.jpg
train\wpn7xi.jpg
train\wptd7t.jpg
train\wq6owk.jpg
train\wq8hfg.jpg
train\wqjqj6.jpg
train\wqrcbn.jpg
train\wqw8w1.jpg
train\wr3dzc.jpg
train\wr3j8b.jpg
train\wr7kh1.jpg
train\wr88dd.jpg
train\wrfb0n.jpg
train\ws2bgj.jpg
train\ws2ye5.jpg
train\wsbqjw.jpg
train\wtwx1s.jpg
train\wu17ex.jpg
train\wu30lq.jpg
train\wu33a3.jpg
train\wu4i4r.jpg
train\wudcoe.jpg
train\wumg1o.jpg
train\wuob4b.jpg
train\wut5m4.jpg
train\wvgrfw.jpg
train\ww2b9c.jpg
train\wwau5z.jpg
train\wwl7hl.jpg
train\wwvdkf.jpg
train\wwxbjf.jpg
train\wx2c89.jpg
train\wx5iep.jpg
train\wxktzy.jpg
train\wxtu9i.jpg
train\wxxk9o.jpg
train\wzggze.jpg
train\wzjkug.jpg
train\wzr8a5.jpg
train\x0rsln.jpg
train\x2nc5s.jpg
train\x2ngtm.jpg
train\x3dx9r.jpg
train\x3w0ds.jpg
train\x43o7m.jpg
train\x4o9tp.jpg
train\x4r03l.jpg
train\x4thr7.jpg
train\x4tqp6.jpg
train\x51gvz.jpg
train\x57avf.jpg
train\x5fovl.jpg
train\x5v72u.jpg
train\x6wbt7.jpg
train\x799ku.jpg
train\x7d25k.jpg
train\x7lih8.jpg
train\x7o8gi.jpg
train\x7ttdh.jpg
train\x80v6n.jpg
train\x8sqt6.jpg
train\x8zdzf.jpg
train\x9zcob.jpg
train\xaibrr.jpg
train\xaube7.jpg
train\xavqmm.jpg
train\xbh5l4.jpg
train\xbn4kv.jpg
train\xbpdpo.jpg
train\xbs407.jpg
train\xbt2hc.jpg
train\xctf80.jpg
train\xd1eyh.jpg
train\xdb8lm.jpg
train\xdeqr5.jpg
train\xdf7st.jpg
train\xdg1bl.jpg
train\xdupb7.jpg
train\xdzyxr.jpg
train\xe09c4.jpg
train\xf8pf8.jpg
train\xfmubl.jpg
train\xfqise.jpg
train\xfud78.jpg
train\xfzgkk.jpg
train\xg3qx8.jpg
train\xg9068.jpg
train\xga5ys.jpg
train\xgeyg6.jpg
train\xgsf3n.jpg
train\xhmvm6.jpg
train\xj0nve.jpg
train\xja0xk.jpg
train\xjeg9c.jpg
train\xjg0kl.jpg
train\xjk5xy.jpg
train\xk1s0i.jpg
train\xk9k4m.jpg
train\xkgods.jpg
train\xkj4rb.jpg
train\xkjzu4.jpg
train\xl5cg7.jpg
train\xleanz.jpg
train\xlhhl3.jpg
train\xmgm5c.jpg
train\xmm1oh.jpg
train\xmol6w.jpg
train\xnaw82.jpg
train\xneomh.jpg
train\xnnl0u.jpg
train\xnrkbh.jpg
train\xnx229.jpg
train\xo6csy.jpg
train\xoxixo.jpg
train\xpcgoh.jpg
train\xpe3i6.jpg
train\xpg696.jpg
train\xq6ae8.jpg
train\xqgsi3.jpg
train\xqjnf8.jpg
train\xqmewl.jpg
train\xr4jic.jpg
train\xslrlc.jpg
train\xtclkb.jpg
train\xtfqm4.jpg
train\xtjn8t.jpg
train\xtw1n2.jpg
train\xu5n8a.jpg
train\xuaenb.jpg
train\xue1gi.jpg
train\xukp6y.jpg
train\xv1tor.jpg
train\xv7swe.jpg
train\xvoog1.jpg
train\xvw9sg.jpg
train\xw0ms0.jpg
train\xye2w9.jpg
train\xynnlk.jpg
train\xynxnl.jpg
train\xzm06a.jpg
train\xzs170.jpg
train\y02r2j.jpg
train\y13sh9.jpg
train\y1a3e1.jpg
train\y1e1yp.jpg
train\y1f8xg.jpg
train\y1g1ev.jpg
train\y1w7l8.jpg
train\y2pnm8.jpg
train\y2rvn6.jpg
train\y2sh2e.jpg
train\y2wlt3.jpg
train\y30bmc.jpg
train\y36qq9.jpg
train\y3erfh.jpg
train\y3v5ir.jpg
train\y3wadc.jpg
train\y3xb6d.jpg
train\y46adv.jpg
train\y4lvap.jpg
train\y56hok.jpg
train\y5f2ji.jpg
train\y6aqag.jpg
train\y72z9y.jpg
train\y7iwu2.jpg
train\y7rkto.jpg
train\y7x0hp.jpg
train\y8vfvk.jpg
train\y8wkeo.jpg
train\y98eo4.jpg
train\y9a9tn.jpg
train\y9evk4.jpg
train\y9fc2e.jpg
train\yabotd.jpg
train\yb4pfg.jpg
train\yb6eau.jpg
train\ybcral.jpg
train\ybxq3l.jpg
train\ycdac0.jpg
train\yceb9y.jpg
train\ycf98p.jpg
train\ycir11.jpg
train\ycrkqs.jpg
train\ycu2cm.jpg
train\ycu9wz.jpg
train\ycxjkl.jpg
train\yd6xu9.jpg
train\ydpmyq.jpg
train\ye59oz.jpg
train\yex59h.jpg
train\yfmfb4.jpg
train\yfpmjp.jpg
train\yg8xoo.jpg
train\ygd37o.jpg
train\ygksoc.jpg
train\ygkzkl.jpg
train\ygpjho.jpg
train\ygu7z3.jpg
train\yhi8ad.jpg
train\yhpp0w.jpg
train\yhy6sd.jpg
train\yidsh5.jpg
train\yilo7w.jpg
train\yj2m51.jpg
train\yjlucg.jpg
train\ykk3lw.jpg
train\ykqvkf.jpg
train\yl7d8v.jpg
train\ylc0hz.jpg
train\ylqw64.jpg
train\ymtp6w.jpg
train\yn0078.jpg
train\ynl84i.jpg
train\ynmlbm.jpg
train\ynrd8w.jpg
train\yo19i3.jpg
train\yo9ha2.jpg
train\yooryp.jpg
train\yop8bw.jpg
train\yoqw5u.jpg
train\yoxeuy.jpg
train\yoxufe.jpg
train\yp351h.jpg
train\yp6qs6.jpg
train\ypevfn.jpg
train\ypg62x.jpg
train\ypqd48.jpg
train\yqljs7.jpg
train\yqphe9.jpg
train\yr26l7.jpg
train\ys4w9j.jpg
train\ysb1qx.jpg
train\ysixcg.jpg
train\ysj3ha.jpg
train\ysr9ym.jpg
train\ysz8wk.jpg
train\ytcwjz.jpg
train\yu6fo2.jpg
train\yuuc7f.jpg
train\yv1eh2.jpg
train\yvwrsd.jpg
train\yw3eb8.jpg
train\ywawkh.jpg
train\ywrdwy.jpg
train\ywtpui.jpg
train\yww2im.jpg
train\ywx5mg.jpg
train\yxwli2.jpg
train\yyahxx.jpg
train\yzdj00.jpg
train\yzfeno.jpg
train\yzqjn8.jpg
train\z07piz.jpg
train\z0es0r.jpg
train\z0pol6.jpg
train\z0zm3z.jpg
train\z0zp5a.jpg
train\z1v1f8.jpg
train\z1vra4.jpg
train\z29wog.jpg
train\z2h8ww.jpg
train\z34eni.jpg
train\z392g6.jpg
train\z3bvq4.jpg
train\z3kk4l.jpg
train\z3kury.jpg
train\z4a4nh.jpg
train\z4amw4.jpg
train\z4as03.jpg
train\z51d1g.jpg
train\z57gsw.jpg
train\z5o4n2.jpg
train\z5ujht.jpg
train\z60vs6.jpg
train\z6e45k.jpg
train\z6eglr.jpg
train\z77359.jpg
train\z7a810.jpg
train\z7ardi.jpg
train\z7dlb3.jpg
train\z7m9rv.jpg
train\z81cp5.jpg
train\z90qg0.jpg
train\z97367.jpg
train\z9nnkd.jpg
train\zalkj2.jpg
train\zar2dz.jpg
train\zawoml.jpg
train\zax7cb.jpg
train\zbicqn.jpg
train\zbsbwh.jpg
train\zbybgj.jpg
train\zc32ka.jpg
train\zcbwkp.jpg
train\zcizei.jpg
train\zcmlv8.jpg
train\zcowno.jpg
train\zcshoi.jpg
train\zd3s5t.jpg
train\zd4bwe.jpg
train\zd4d4m.jpg
train\zdizyn.jpg
train\zdkruq.jpg
train\zek702.jpg
train\zelxqk.jpg
train\zfl63c.jpg
train\zfwsk9.jpg
train\zgble3.jpg
train\zgfpaf.jpg
train\zggq0o.jpg
train\zgp5q9.jpg
train\zh3xo5.jpg
train\zh62q5.jpg
train\zh6js1.jpg
train\zhn32w.jpg
train\zhsjnj.jpg
train\zhwh3x.jpg
train\zi0bd3.jpg
train\ziagjj.jpg
train\zibl0e.jpg
train\zinra3.jpg
train\zj0sby.jpg
train\zjfzcd.jpg
train\zjns82.jpg
train\zk95wk.jpg
train\zkfkgx.jpg
train\zkxdrp.jpg
train\zlk3su.jpg
train\zm0yge.jpg
train\zm7mdw.jpg
train\zmy4nx.jpg
train\zn195z.jpg
train\znupfh.jpg
train\znxlpx.jpg
train\zomuwl.jpg
train\zonnx8.jpg
train\zorsx3.jpg
train\zoscsh.jpg
train\zowgcj.jpg
train\zoyrp3.jpg
train\zozm3w.jpg
train\zp5smb.jpg
train\zp64up.jpg
train\zprbi0.jpg
train\zpyprs.jpg
train\zqbt7s.jpg
train\zqn1ax.jpg
train\zqoqr1.jpg
train\zqt0mq.jpg
train\zqzp9v.jpg
train\zr2t2e.jpg
train\zr3lmm.jpg
train\zrbcea.jpg
train\zrpk7i.jpg
train\zs1yro.jpg
train\zsmnpe.jpg
train\zsqdoo.jpg
train\zt93li.jpg
train\ztaz8z.jpg
train\zte3xr.jpg
train\ztqgfl.jpg
train\ztqy3o.jpg
train\zu6mt2.jpg
train\zugb4c.jpg
train\zuy70p.jpg
train\zv9y7b.jpg
train\zvba4z.jpg
train\zvz2qs.jpg
train\zw2g9t.jpg
train\zw2rjh.jpg
train\zw4a0b.jpg
train\zw6yc5.jpg
train\zw8qts.jpg
train\zwofq4.jpg
train\zxfjh8.jpg
train\zxtp44.jpg
train\zy59f0.jpg
train\zy68ol.jpg
train\zyvkir.jpg
train\zz32g5.jpg
train\zz4rv9.jpg